#
# A fatal error has been detected by the Java Runtime Environment:
#
#  SIGBUS (0x7) at pc=0x00007f2e116fdda2, pid=43003, tid=43019
#
# JRE version: OpenJDK Runtime Environment (11.0.9.1+1) (build 11.0.9.1+1-Ubuntu-0ubuntu1.20.04)
# Java VM: OpenJDK 64-Bit Server VM (11.0.9.1+1-Ubuntu-0ubuntu1.20.04, mixed mode, sharing, tiered, compressed oops, parallel gc, linux-amd64)
# Problematic frame:
# V  [libjvm.so+0xc1fda2]
#
# Core dump will be written. Default location: Core dumps may be processed with "/usr/share/apport/apport %p %s %c %d %P %E" (or dumping to /home/nclsbayona/git/Proyecto-POO/core.43003)
#
# If you would like to submit a bug report, please visit:
#   https://bugs.launchpad.net/ubuntu/+source/openjdk-lts
#

---------------  S U M M A R Y ------------

Command Line: --add-modules=ALL-SYSTEM --add-opens=java.base/java.util=ALL-UNNAMED --add-opens=java.base/java.lang=ALL-UNNAMED -Declipse.application=org.eclipse.jdt.ls.core.id1 -Dosgi.bundles.defaultStartLevel=4 -Declipse.product=org.eclipse.jdt.ls.core.product -Dfile.encoding=utf8 -XX:+UseParallelGC -XX:GCTimeRatio=4 -XX:AdaptiveSizePolicyWeight=90 -Dsun.zip.disableMemoryMapping=true -Xmx1G -Xms100m -Xverify:none /home/nclsbayona/.vscode/extensions/redhat.java-0.71.0/server/plugins/org.eclipse.equinox.launcher_1.6.0.v20200915-1508.jar -configuration /home/nclsbayona/.config/Code/User/globalStorage/redhat.java/0.71.0/config_linux -data /home/nclsbayona/.config/Code/User/workspaceStorage/3344adf358d985450ec123a92e3dfa0e/redhat.java/jdt_ws

Host: Intel(R) Core(TM) i5-8250U CPU @ 1.60GHz, 8 cores, 19G, Ubuntu 20.04.1 LTS
Time: Sun Nov 22 15:27:17 2020 -05 elapsed time: 9392.872994 seconds (0d 2h 36m 32s)

---------------  T H R E A D  ---------------

Current thread (0x00007f2e0c2a1000):  WatcherThread [stack: 0x00007f2de6f0f000,0x00007f2de700f000] [id=43019]

Stack: [0x00007f2de6f0f000,0x00007f2de700f000],  sp=0x00007f2de700dd40,  free space=1019k
Native frames: (J=compiled Java code, A=aot compiled Java code, j=interpreted, Vv=VM code, C=native code)
V  [libjvm.so+0xc1fda2]
V  [libjvm.so+0xd73382]
V  [libjvm.so+0xde8034]
V  [libjvm.so+0xe0e1e5]
V  [libjvm.so+0xe14330]
V  [libjvm.so+0xbd26e6]


siginfo: si_signo: 7 (SIGBUS), si_code: 2 (BUS_ADRERR), si_addr: 0x00007f2e106470b0

Register to memory mapping:

RAX=0x000000000040d970 is an unknown value
RBX=0x00007f2e106470b0 is an unknown value
RCX=0x0000000000000002 is an unknown value
RDX=0x00007f2e10ed3660: <offset 0x00000000003f5660> in /usr/lib/jvm/java-11-openjdk-amd64/lib/server/libjvm.so at 0x00007f2e10ade000
RSP=0x00007f2de700dd40 points into unknown readable memory: 07 00 00 00 00 00 00 00
RBP=0x00007f2de700dd50 points into unknown readable memory: 70 dd 00 e7 2d 7f 00 00
RSI=0x0000000000000032 is an unknown value
RDI=0x00007f2e0c0290c0 points into unknown readable memory: d8 b0 c3 11 2e 7f 00 00
R8 =0x00007f2e0c029710 points into unknown readable memory: 28 ea c3 11 2e 7f 00 00
R9 =0x000000000002dff6 is an unknown value
R10=0x00007fff2d5db080 points into unknown readable memory: ca 81 80 00 01 00 00 00
R11=0x00007fff2d5db090 points into unknown readable memory: ff ff ff ff ff ff ff ff
R12=0x00007f2e0c2a0a90 points into unknown readable memory: b0 0a 2a 0c 2e 7f 00 00
R13=0x00007f2e11d5af80: <offset 0x000000000127cf80> in /usr/lib/jvm/java-11-openjdk-amd64/lib/server/libjvm.so at 0x00007f2e10ade000
R14=0x0000000000000001 is an unknown value
R15=0x0000000000000002 is an unknown value


Registers:
RAX=0x000000000040d970, RBX=0x00007f2e106470b0, RCX=0x0000000000000002, RDX=0x00007f2e10ed3660
RSP=0x00007f2de700dd40, RBP=0x00007f2de700dd50, RSI=0x0000000000000032, RDI=0x00007f2e0c0290c0
R8 =0x00007f2e0c029710, R9 =0x000000000002dff6, R10=0x00007fff2d5db080, R11=0x00007fff2d5db090
R12=0x00007f2e0c2a0a90, R13=0x00007f2e11d5af80, R14=0x0000000000000001, R15=0x0000000000000002
RIP=0x00007f2e116fdda2, EFLAGS=0x0000000000010202, CSGSFS=0x002b000000000033, ERR=0x0000000000000006
  TRAPNO=0x000000000000000e

Top of Stack: (sp=0x00007f2de700dd40)
0x00007f2de700dd40:   0000000000000007 0000000000000001
0x00007f2de700dd50:   00007f2de700dd70 00007f2e11851382
0x00007f2de700dd60:   0000000000000032 0000000000000032
0x00007f2de700dd70:   00007f2de700ddc0 00007f2e118c6034 

Instructions: (pc=0x00007f2e116fdda2)
0x00007f2e116fdca2:   c6 84 24 80 04 00 00 00 e9 d6 fd ff ff 90 41 8b
0x00007f2e116fdcb2:   84 24 d8 00 00 00 a8 04 0f 84 8b fc ff ff e9 7c
0x00007f2e116fdcc2:   fc ff ff 0f 1f 00 48 8d 05 d9 1d 5f 00 48 8d 0d
0x00007f2e116fdcd2:   86 51 35 00 48 8d 15 95 51 35 00 be 44 01 00 00
0x00007f2e116fdce2:   48 8d 3d 77 50 35 00 48 8b 00 c6 00 58 31 c0 e8
0x00007f2e116fdcf2:   9a a0 a4 ff e8 f5 ab fa ff e9 6f fc ff ff 4c 89
0x00007f2e116fdd02:   e7 e8 28 63 06 00 e9 09 fc ff ff 0f 1f 00 4c 89
0x00007f2e116fdd12:   e7 e8 18 63 06 00 e9 68 fd ff ff 0f 1f 00 4c 89
0x00007f2e116fdd22:   e7 45 31 e4 e8 65 ee 1e 00 e9 08 fb ff ff 4c 89
0x00007f2e116fdd32:   e7 ff d0 84 c0 0f 84 46 fb ff ff e9 df fe ff ff
0x00007f2e116fdd42:   66 0f 1f 44 00 00 4c 89 e7 ff d0 84 c0 0f 84 57
0x00007f2e116fdd52:   fc ff ff e9 d0 fd ff ff 66 0f 1f 44 00 00 4c 89
0x00007f2e116fdd62:   e7 e8 c8 62 06 00 e9 fb fe ff ff 0f 1f 00 4c 89
0x00007f2e116fdd72:   e7 e8 b8 62 06 00 e9 0e fe ff ff 0f 1f 00 f3 0f
0x00007f2e116fdd82:   1e fa 4c 8b 47 38 4d 85 c0 74 23 55 48 89 e5 53
0x00007f2e116fdd92:   48 83 ec 08 49 8b 00 48 8b 5f 28 4c 89 c7 ff 10
0x00007f2e116fdda2:   48 89 03 48 83 c4 08 5b 5d c3 0f 1f 40 00 c3 90
0x00007f2e116fddb2:   66 66 2e 0f 1f 84 00 00 00 00 00 0f 1f 00 f3 0f
0x00007f2e116fddc2:   1e fa 49 89 f8 48 89 f7 48 63 f2 49 8b 40 28 48
0x00007f2e116fddd2:   8d 15 3b 2f 35 00 48 8b 08 31 c0 e9 8e 59 ce ff
0x00007f2e116fdde2:   66 66 2e 0f 1f 84 00 00 00 00 00 0f 1f 00 f3 0f
0x00007f2e116fddf2:   1e fa 49 89 f8 31 c0 48 89 f7 48 63 f2 49 8b 48
0x00007f2e116fde02:   28 48 8d 15 34 c4 31 00 e9 61 59 ce ff 90 f3 0f
0x00007f2e116fde12:   1e fa 55 48 8d 05 04 7d 5e 00 48 89 e5 41 57 49
0x00007f2e116fde22:   89 d7 41 56 41 55 4c 63 ee 41 54 53 48 89 fb 48
0x00007f2e116fde32:   83 ec 18 44 89 47 10 89 4f 14 48 89 07 48 8d 05
0x00007f2e116fde42:   9a cd 60 00 48 c7 47 08 00 00 00 00 4e 8b 34 e8
0x00007f2e116fde52:   c6 47 18 00 48 c7 47 28 00 00 00 00 48 89 d7 e8
0x00007f2e116fde62:   ba 95 65 ff 4c 89 f7 48 89 45 c8 e8 ae 95 65 ff
0x00007f2e116fde72:   48 8b 55 c8 be 07 00 00 00 48 8d 7c 02 02 31 d2
0x00007f2e116fde82:   e8 b9 a3 7d ff 48 89 43 08 48 89 c7 41 83 fd 18
0x00007f2e116fde92:   74 5c 4d 89 ec 4d 69 ed 56 55 55 55 4d 89 f9 4d 


Stack slot to memory mapping:
stack at sp + 0 slots: 0x0000000000000007 is an unknown value
stack at sp + 1 slots: 0x0000000000000001 is an unknown value
stack at sp + 2 slots: 0x00007f2de700dd70 points into unknown readable memory: c0 dd 00 e7 2d 7f 00 00
stack at sp + 3 slots: 0x00007f2e11851382: <offset 0x0000000000d73382> in /usr/lib/jvm/java-11-openjdk-amd64/lib/server/libjvm.so at 0x00007f2e10ade000
stack at sp + 4 slots: 0x0000000000000032 is an unknown value
stack at sp + 5 slots: 0x0000000000000032 is an unknown value
stack at sp + 6 slots: 0x00007f2de700ddc0 points into unknown readable memory: 40 de 00 e7 2d 7f 00 00
stack at sp + 7 slots: 0x00007f2e118c6034: <offset 0x0000000000de8034> in /usr/lib/jvm/java-11-openjdk-amd64/lib/server/libjvm.so at 0x00007f2e10ade000


---------------  P R O C E S S  ---------------

Threads class SMR info:
_java_thread_list=0x00007f2d08005530, length=24, elements={
0x00007f2e0c016000, 0x00007f2e0c1de800, 0x00007f2e0c1e0800, 0x00007f2e0c1ec000,
0x00007f2e0c1ee000, 0x00007f2e0c1f0000, 0x00007f2e0c1f2000, 0x00007f2e0c24b800,
0x00007f2e0c29f000, 0x00007f2e0c477800, 0x00007f2e0c4b8800, 0x00007f2e0c4bb000,
0x00007f2dac02e800, 0x00007f2dac1ed000, 0x00007f2dac3d0800, 0x00007f2dac708000,
0x00007f2e0c518800, 0x00007f2e0c5c0800, 0x00007f2d8814f000, 0x00007f2d4c135800,
0x00007f2d60268800, 0x00007f2dd8009800, 0x00007f2dbc23c800, 0x00007f2d6c001800
}

Java Threads: ( => current thread )
  0x00007f2e0c016000 JavaThread "main" [_thread_blocked, id=43005, stack(0x00007f2e10692000,0x00007f2e10793000)]
  0x00007f2e0c1de800 JavaThread "Reference Handler" daemon [_thread_blocked, id=43008, stack(0x00007f2de7eff000,0x00007f2de8000000)]
  0x00007f2e0c1e0800 JavaThread "Finalizer" daemon [_thread_blocked, id=43009, stack(0x00007f2de7dfe000,0x00007f2de7eff000)]
  0x00007f2e0c1ec000 JavaThread "Signal Dispatcher" daemon [_thread_blocked, id=43010, stack(0x00007f2de7514000,0x00007f2de7615000)]
  0x00007f2e0c1ee000 JavaThread "C2 CompilerThread0" daemon [_thread_blocked, id=43011, stack(0x00007f2de7413000,0x00007f2de7514000)]
  0x00007f2e0c1f0000 JavaThread "C1 CompilerThread0" daemon [_thread_blocked, id=43012, stack(0x00007f2de7312000,0x00007f2de7413000)]
  0x00007f2e0c1f2000 JavaThread "Sweeper thread" daemon [_thread_blocked, id=43013, stack(0x00007f2de7211000,0x00007f2de7312000)]
  0x00007f2e0c24b800 JavaThread "Common-Cleaner" daemon [_thread_blocked, id=43015, stack(0x00007f2de7110000,0x00007f2de7211000)]
  0x00007f2e0c29f000 JavaThread "Service Thread" daemon [_thread_blocked, id=43018, stack(0x00007f2de700f000,0x00007f2de7110000)]
  0x00007f2e0c477800 JavaThread "Active Thread: Equinox Container: eeba5f06-4a51-4c0b-8928-544e0710028d" [_thread_blocked, id=43029, stack(0x00007f2de6c0a000,0x00007f2de6d0b000)]
  0x00007f2e0c4b8800 JavaThread "Framework Event Dispatcher: Equinox Container: eeba5f06-4a51-4c0b-8928-544e0710028d" daemon [_thread_blocked, id=43036, stack(0x00007f2de6b09000,0x00007f2de6c0a000)]
  0x00007f2e0c4bb000 JavaThread "Start Level: Equinox Container: eeba5f06-4a51-4c0b-8928-544e0710028d" daemon [_thread_blocked, id=43037, stack(0x00007f2de6a08000,0x00007f2de6b09000)]
  0x00007f2dac02e800 JavaThread "SCR Component Actor" daemon [_thread_blocked, id=43042, stack(0x00007f2de63f0000,0x00007f2de64f1000)]
  0x00007f2dac1ed000 JavaThread "Worker-JM" [_thread_blocked, id=43075, stack(0x00007f2de5eef000,0x00007f2de5ff0000)]
  0x00007f2dac3d0800 JavaThread "Java indexing" daemon [_thread_blocked, id=43087, stack(0x00007f2de53e4000,0x00007f2de54e5000)]
  0x00007f2dac708000 JavaThread "logback configurator timer" daemon [_thread_blocked, id=43090, stack(0x00007f2de4ce1000,0x00007f2de4de2000)]
  0x00007f2e0c518800 JavaThread "pool-3-thread-1" [_thread_blocked, id=43091, stack(0x00007f2de4be0000,0x00007f2de4ce1000)]
  0x00007f2e0c5c0800 JavaThread "pool-2-thread-1" [_thread_in_native, id=43094, stack(0x00007f2de48df000,0x00007f2de49e0000)]
  0x00007f2d8814f000 JavaThread "Bundle File Closer" daemon [_thread_blocked, id=43226, stack(0x00007f2d57598000,0x00007f2d57699000)]
  0x00007f2d4c135800 JavaThread "Worker-8" [_thread_blocked, id=76965, stack(0x00007f2d56b16000,0x00007f2d56c17000)]
  0x00007f2d60268800 JavaThread "ForkJoinPool.commonPool-worker-1" daemon [_thread_blocked, id=79767, stack(0x00007f2d55910000,0x00007f2d55a11000)]
  0x00007f2dd8009800 JavaThread "Keep-Alive-SocketCleaner" daemon [_thread_blocked, id=79971, stack(0x00007f2d0efd9000,0x00007f2d0f0da000)]
  0x00007f2dbc23c800 JavaThread "Worker-16" [_thread_blocked, id=82023, stack(0x00007f2de6d0b000,0x00007f2de6e0c000)]
  0x00007f2d6c001800 JavaThread "process reaper" daemon [_thread_blocked, id=82851, stack(0x00007f2e1002f000,0x00007f2e10051000)]

Other Threads:
  0x00007f2e0c1db800 VMThread "VM Thread" [stack: 0x00007f2dec0ea000,0x00007f2dec1ea000] [id=43007]
=>0x00007f2e0c2a1000 WatcherThread [stack: 0x00007f2de6f0f000,0x00007f2de700f000] [id=43019]
  0x00007f2e0c02d800 GCTaskThread "ParGC Thread#0" [stack: 0x00007f2df4799000,0x00007f2df4899000] [id=43006]
  0x00007f2de8001000 GCTaskThread "ParGC Thread#1" [stack: 0x00007f2de66f7000,0x00007f2de67f7000] [id=43039]
  0x00007f2de8002800 GCTaskThread "ParGC Thread#2" [stack: 0x00007f2de65f5000,0x00007f2de66f5000] [id=43040]
  0x00007f2de8004000 GCTaskThread "ParGC Thread#3" [stack: 0x00007f2de64f3000,0x00007f2de65f3000] [id=43041]
  0x00007f2de8006000 GCTaskThread "ParGC Thread#4" [stack: 0x00007f2de57ed000,0x00007f2de58ed000] [id=43083]
  0x00007f2de8007800 GCTaskThread "ParGC Thread#5" [stack: 0x00007f2de56eb000,0x00007f2de57eb000] [id=43084]
  0x00007f2de8009000 GCTaskThread "ParGC Thread#6" [stack: 0x00007f2de55e9000,0x00007f2de56e9000] [id=43085]
  0x00007f2de800a800 GCTaskThread "ParGC Thread#7" [stack: 0x00007f2de54e7000,0x00007f2de55e7000] [id=43086]

Threads with active compile tasks:

VM state:not at safepoint (normal execution)

VM Mutex/Monitor currently owned by a thread:  ([mutex/lock_event])
[0x00007f2e0c013e30] PeriodicTask_lock - owner thread: 0x00007f2e0c2a1000

Heap address: 0x00000000c0000000, size: 1024 MB, Compressed Oops mode: 32-bit
Narrow klass base: 0x0000000800000000, Narrow klass shift: 3
Compressed class space size: 1073741824 Address: 0x0000000840000000

Heap:
 PSYoungGen      total 11264K, used 4342K [0x00000000eab00000, 0x00000000eb780000, 0x0000000100000000)
  eden space 8192K, 50% used [0x00000000eab00000,0x00000000eaf0d970,0x00000000eb300000)
  from space 3072K, 6% used [0x00000000eb300000,0x00000000eb330000,0x00000000eb600000)
  to   space 1536K, 0% used [0x00000000eb600000,0x00000000eb600000,0x00000000eb780000)
 ParOldGen       total 333312K, used 285839K [0x00000000c0000000, 0x00000000d4580000, 0x00000000eab00000)
  object space 333312K, 85% used [0x00000000c0000000,0x00000000d1723f38,0x00000000d4580000)
 Metaspace       used 79391K, capacity 83263K, committed 84480K, reserved 1124352K
  class space    used 7395K, capacity 8728K, committed 8960K, reserved 1048576K

Card table byte_map: [0x00007f2e10243000,0x00007f2e10444000] _byte_map_base: 0x00007f2e0fc43000

Marking Bits: (ParMarkBitMap*) 0x00007f2e11d545c0
 Begin Bits: [0x00007f2dee000000, 0x00007f2def000000)
 End Bits:   [0x00007f2def000000, 0x00007f2df0000000)

Polling page: 0x00007f2e1064e000

Metaspace:

Usage:
  Non-class:     72,79 MB capacity,    70,31 MB ( 97%) used,     2,30 MB (  3%) free+waste,   187,50 KB ( <1%) overhead. 
      Class:      8,52 MB capacity,     7,22 MB ( 85%) used,     1,22 MB ( 14%) free+waste,    79,25 KB ( <1%) overhead. 
       Both:     81,31 MB capacity,    77,53 MB ( 95%) used,     3,52 MB (  4%) free+waste,   266,75 KB ( <1%) overhead. 

Virtual space:
  Non-class space:       74,00 MB reserved,      73,75 MB (>99%) committed 
      Class space:        1,00 GB reserved,       8,75 MB ( <1%) committed 
             Both:        1,07 GB reserved,      82,50 MB (  8%) committed 

Chunk freelists:
   Non-Class:  785,00 KB
       Class:  200,00 KB
        Both:  985,00 KB

MaxMetaspaceSize: unlimited
CompressedClassSpaceSize: 1,00 GB

CodeHeap 'non-profiled nmethods': size=120032Kb used=17501Kb max_used=17501Kb free=102530Kb
 bounds [0x00007f2dfc361000, 0x00007f2dfd491000, 0x00007f2e03899000]
CodeHeap 'profiled nmethods': size=120028Kb used=36818Kb max_used=40483Kb free=83209Kb
 bounds [0x00007f2df4e2a000, 0x00007f2df75fa000, 0x00007f2dfc361000]
CodeHeap 'non-nmethods': size=5700Kb used=1336Kb max_used=1447Kb free=4363Kb
 bounds [0x00007f2df4899000, 0x00007f2df4b09000, 0x00007f2df4e2a000]
 total_blobs=17156 nmethods=16398 adapters=669
 compilation: enabled
              stopped_count=0, restarted_count=0
 full_count=0

Compilation events (20 events):
Event: 7153,028 Thread 0x00007f2e0c1ee000 23558       4       java.util.concurrent.TimeUnit::toNanos (45 bytes)
Event: 7153,028 Thread 0x00007f2e0c1ee000 nmethod 23558 0x00007f2dfd480690 code [0x00007f2dfd480820, 0x00007f2dfd480918]
Event: 7470,935 Thread 0x00007f2e0c1f0000 23559   !   3       org.eclipse.osgi.container.ModuleDatabase::getTimestamp (25 bytes)
Event: 7470,937 Thread 0x00007f2e0c1f0000 nmethod 23559 0x00007f2df684d490 code [0x00007f2df684d700, 0x00007f2df684e050]
Event: 7501,922 Thread 0x00007f2e0c1f0000 23560  s    3       org.eclipse.core.internal.jobs.WorkerPool::decrementBusyThreads (38 bytes)
Event: 7501,922 Thread 0x00007f2e0c1f0000 nmethod 23560 0x00007f2df6826590 code [0x00007f2df68267e0, 0x00007f2df6826ff0]
Event: 7590,937 Thread 0x00007f2e0c1f0000 23561       3       org.eclipse.osgi.storage.Storage::isReadOnly (10 bytes)
Event: 7590,938 Thread 0x00007f2e0c1f0000 nmethod 23561 0x00007f2df5840410 code [0x00007f2df58405c0, 0x00007f2df5840750]
Event: 7680,938 Thread 0x00007f2e0c1f0000 23562   !   3       org.eclipse.osgi.internal.framework.StorageSaver$StorageSaverTask::run (31 bytes)
Event: 7680,940 Thread 0x00007f2e0c1f0000 nmethod 23562 0x00007f2df684c790 code [0x00007f2df684c9e0, 0x00007f2df684d0d0]
Event: 7680,940 Thread 0x00007f2e0c1f0000 23563   !   3       org.eclipse.osgi.storage.Storage::save (64 bytes)
Event: 7680,942 Thread 0x00007f2e0c1f0000 nmethod 23563 0x00007f2df684b910 code [0x00007f2df684bb80, 0x00007f2df684c450]
Event: 8401,973 Thread 0x00007f2e0c1f0000 23564       3       org.eclipse.core.internal.jobs.JobManager::doRunNow (47 bytes)
Event: 8401,975 Thread 0x00007f2e0c1f0000 nmethod 23564 0x00007f2df67f2e10 code [0x00007f2df67f3020, 0x00007f2df67f3660]
Event: 8520,946 Thread 0x00007f2e0c1ee000 23565       4       java.util.concurrent.ThreadPoolExecutor::runStateAtLeast (11 bytes)
Event: 8520,947 Thread 0x00007f2e0c1ee000 nmethod 23565 0x00007f2dfd480a10 code [0x00007f2dfd480ba0, 0x00007f2dfd480bf8]
Event: 8936,256 Thread 0x00007f2e0c1ee000 23566       4       java.util.concurrent.SynchronousQueue$TransferStack::awaitFulfill (169 bytes)
Event: 8936,259 Thread 0x00007f2e0c1ee000 nmethod 23566 0x00007f2dfd480c90 code [0x00007f2dfd480e60, 0x00007f2dfd481270]
Event: 9046,401 Thread 0x00007f2e0c1ee000 23567       4       java.util.concurrent.TimeUnit::toMillis (69 bytes)
Event: 9046,404 Thread 0x00007f2e0c1ee000 nmethod 23567 0x00007f2dfd481590 code [0x00007f2dfd481720, 0x00007f2dfd481818]

GC Heap History (20 events):
Event: 5393,253 GC heap before
{Heap before GC invocations=852 (full 14):
 PSYoungGen      total 11776K, used 9819K [0x00000000eab00000, 0x00000000ebb00000, 0x0000000100000000)
  eden space 8192K, 100% used [0x00000000eab00000,0x00000000eb300000,0x00000000eb300000)
  from space 3584K, 45% used [0x00000000eb400000,0x00000000eb596f68,0x00000000eb780000)
  to   space 2048K, 0% used [0x00000000eb900000,0x00000000eb900000,0x00000000ebb00000)
 ParOldGen       total 333312K, used 275419K [0x00000000c0000000, 0x00000000d4580000, 0x00000000eab00000)
  object space 333312K, 82% used [0x00000000c0000000,0x00000000d0cf6cc8,0x00000000d4580000)
 Metaspace       used 79324K, capacity 83135K, committed 84480K, reserved 1124352K
  class space    used 7395K, capacity 8728K, committed 8960K, reserved 1048576K
}
Event: 5393,259 GC heap after
{Heap after GC invocations=852 (full 14):
 PSYoungGen      total 9216K, used 896K [0x00000000eab00000, 0x00000000eba00000, 0x0000000100000000)
  eden space 8192K, 0% used [0x00000000eab00000,0x00000000eab00000,0x00000000eb300000)
  from space 1024K, 87% used [0x00000000eb900000,0x00000000eb9e0000,0x00000000eba00000)
  to   space 1536K, 0% used [0x00000000eb700000,0x00000000eb700000,0x00000000eb880000)
 ParOldGen       total 333312K, used 276892K [0x00000000c0000000, 0x00000000d4580000, 0x00000000eab00000)
  object space 333312K, 83% used [0x00000000c0000000,0x00000000d0e67340,0x00000000d4580000)
 Metaspace       used 79324K, capacity 83135K, committed 84480K, reserved 1124352K
  class space    used 7395K, capacity 8728K, committed 8960K, reserved 1048576K
}
Event: 5393,315 GC heap before
{Heap before GC invocations=853 (full 14):
 PSYoungGen      total 9216K, used 9087K [0x00000000eab00000, 0x00000000eba00000, 0x0000000100000000)
  eden space 8192K, 99% used [0x00000000eab00000,0x00000000eb2ffff0,0x00000000eb300000)
  from space 1024K, 87% used [0x00000000eb900000,0x00000000eb9e0000,0x00000000eba00000)
  to   space 1536K, 0% used [0x00000000eb700000,0x00000000eb700000,0x00000000eb880000)
 ParOldGen       total 333312K, used 276892K [0x00000000c0000000, 0x00000000d4580000, 0x00000000eab00000)
  object space 333312K, 83% used [0x00000000c0000000,0x00000000d0e67340,0x00000000d4580000)
 Metaspace       used 79324K, capacity 83135K, committed 84480K, reserved 1124352K
  class space    used 7395K, capacity 8728K, committed 8960K, reserved 1048576K
}
Event: 5393,317 GC heap after
{Heap after GC invocations=853 (full 14):
 PSYoungGen      total 9728K, used 480K [0x00000000eab00000, 0x00000000eb980000, 0x0000000100000000)
  eden space 8192K, 0% used [0x00000000eab00000,0x00000000eab00000,0x00000000eb300000)
  from space 1536K, 31% used [0x00000000eb700000,0x00000000eb778000,0x00000000eb880000)
  to   space 1024K, 0% used [0x00000000eb880000,0x00000000eb880000,0x00000000eb980000)
 ParOldGen       total 333312K, used 277596K [0x00000000c0000000, 0x00000000d4580000, 0x00000000eab00000)
  object space 333312K, 83% used [0x00000000c0000000,0x00000000d0f17130,0x00000000d4580000)
 Metaspace       used 79324K, capacity 83135K, committed 84480K, reserved 1124352K
  class space    used 7395K, capacity 8728K, committed 8960K, reserved 1048576K
}
Event: 5393,335 GC heap before
{Heap before GC invocations=854 (full 14):
 PSYoungGen      total 9728K, used 8672K [0x00000000eab00000, 0x00000000eb980000, 0x0000000100000000)
  eden space 8192K, 100% used [0x00000000eab00000,0x00000000eb300000,0x00000000eb300000)
  from space 1536K, 31% used [0x00000000eb700000,0x00000000eb778000,0x00000000eb880000)
  to   space 1024K, 0% used [0x00000000eb880000,0x00000000eb880000,0x00000000eb980000)
 ParOldGen       total 333312K, used 277596K [0x00000000c0000000, 0x00000000d4580000, 0x00000000eab00000)
  object space 333312K, 83% used [0x00000000c0000000,0x00000000d0f17130,0x00000000d4580000)
 Metaspace       used 79336K, capacity 83199K, committed 84480K, reserved 1124352K
  class space    used 7395K, capacity 8728K, committed 8960K, reserved 1048576K
}
Event: 5393,337 GC heap after
{Heap after GC invocations=854 (full 14):
 PSYoungGen      total 9216K, used 1003K [0x00000000eab00000, 0x00000000ebb00000, 0x0000000100000000)
  eden space 8192K, 0% used [0x00000000eab00000,0x00000000eab00000,0x00000000eb300000)
  from space 1024K, 98% used [0x00000000eb880000,0x00000000eb97af78,0x00000000eb980000)
  to   space 4096K, 0% used [0x00000000eb300000,0x00000000eb300000,0x00000000eb700000)
 ParOldGen       total 333312K, used 279756K [0x00000000c0000000, 0x00000000d4580000, 0x00000000eab00000)
  object space 333312K, 83% used [0x00000000c0000000,0x00000000d1133098,0x00000000d4580000)
 Metaspace       used 79336K, capacity 83199K, committed 84480K, reserved 1124352K
  class space    used 7395K, capacity 8728K, committed 8960K, reserved 1048576K
}
Event: 5393,363 GC heap before
{Heap before GC invocations=855 (full 14):
 PSYoungGen      total 9216K, used 9195K [0x00000000eab00000, 0x00000000ebb00000, 0x0000000100000000)
  eden space 8192K, 100% used [0x00000000eab00000,0x00000000eb300000,0x00000000eb300000)
  from space 1024K, 98% used [0x00000000eb880000,0x00000000eb97af78,0x00000000eb980000)
  to   space 4096K, 0% used [0x00000000eb300000,0x00000000eb300000,0x00000000eb700000)
 ParOldGen       total 333312K, used 279756K [0x00000000c0000000, 0x00000000d4580000, 0x00000000eab00000)
  object space 333312K, 83% used [0x00000000c0000000,0x00000000d1133098,0x00000000d4580000)
 Metaspace       used 79336K, capacity 83199K, committed 84480K, reserved 1124352K
  class space    used 7395K, capacity 8728K, committed 8960K, reserved 1048576K
}
Event: 5393,366 GC heap after
{Heap after GC invocations=855 (full 14):
 PSYoungGen      total 12288K, used 3722K [0x00000000eab00000, 0x00000000ebb00000, 0x0000000100000000)
  eden space 8192K, 0% used [0x00000000eab00000,0x00000000eab00000,0x00000000eb300000)
  from space 4096K, 90% used [0x00000000eb300000,0x00000000eb6a29e8,0x00000000eb700000)
  to   space 4096K, 0% used [0x00000000eb700000,0x00000000eb700000,0x00000000ebb00000)
 ParOldGen       total 333312K, used 280782K [0x00000000c0000000, 0x00000000d4580000, 0x00000000eab00000)
  object space 333312K, 84% used [0x00000000c0000000,0x00000000d1233878,0x00000000d4580000)
 Metaspace       used 79336K, capacity 83199K, committed 84480K, reserved 1124352K
  class space    used 7395K, capacity 8728K, committed 8960K, reserved 1048576K
}
Event: 5393,393 GC heap before
{Heap before GC invocations=856 (full 14):
 PSYoungGen      total 12288K, used 11914K [0x00000000eab00000, 0x00000000ebb00000, 0x0000000100000000)
  eden space 8192K, 100% used [0x00000000eab00000,0x00000000eb300000,0x00000000eb300000)
  from space 4096K, 90% used [0x00000000eb300000,0x00000000eb6a29e8,0x00000000eb700000)
  to   space 4096K, 0% used [0x00000000eb700000,0x00000000eb700000,0x00000000ebb00000)
 ParOldGen       total 333312K, used 280782K [0x00000000c0000000, 0x00000000d4580000, 0x00000000eab00000)
  object space 333312K, 84% used [0x00000000c0000000,0x00000000d1233878,0x00000000d4580000)
 Metaspace       used 79336K, capacity 83199K, committed 84480K, reserved 1124352K
  class space    used 7395K, capacity 8728K, committed 8960K, reserved 1048576K
}
Event: 5393,396 GC heap after
{Heap after GC invocations=856 (full 14):
 PSYoungGen      total 8704K, used 384K [0x00000000eab00000, 0x00000000eb780000, 0x0000000100000000)
  eden space 8192K, 0% used [0x00000000eab00000,0x00000000eab00000,0x00000000eb300000)
  from space 512K, 75% used [0x00000000eb700000,0x00000000eb760000,0x00000000eb780000)
  to   space 2048K, 0% used [0x00000000eb380000,0x00000000eb380000,0x00000000eb580000)
 ParOldGen       total 333312K, used 282339K [0x00000000c0000000, 0x00000000d4580000, 0x00000000eab00000)
  object space 333312K, 84% used [0x00000000c0000000,0x00000000d13b8c70,0x00000000d4580000)
 Metaspace       used 79336K, capacity 83199K, committed 84480K, reserved 1124352K
  class space    used 7395K, capacity 8728K, committed 8960K, reserved 1048576K
}
Event: 5393,410 GC heap before
{Heap before GC invocations=857 (full 14):
 PSYoungGen      total 8704K, used 8576K [0x00000000eab00000, 0x00000000eb780000, 0x0000000100000000)
  eden space 8192K, 100% used [0x00000000eab00000,0x00000000eb300000,0x00000000eb300000)
  from space 512K, 75% used [0x00000000eb700000,0x00000000eb760000,0x00000000eb780000)
  to   space 2048K, 0% used [0x00000000eb380000,0x00000000eb380000,0x00000000eb580000)
 ParOldGen       total 333312K, used 282339K [0x00000000c0000000, 0x00000000d4580000, 0x00000000eab00000)
  object space 333312K, 84% used [0x00000000c0000000,0x00000000d13b8c70,0x00000000d4580000)
 Metaspace       used 79336K, capacity 83199K, committed 84480K, reserved 1124352K
  class space    used 7395K, capacity 8728K, committed 8960K, reserved 1048576K
}
Event: 5393,419 GC heap after
{Heap after GC invocations=857 (full 14):
 PSYoungGen      total 10240K, used 224K [0x00000000eab00000, 0x00000000eb780000, 0x0000000100000000)
  eden space 8192K, 0% used [0x00000000eab00000,0x00000000eab00000,0x00000000eb300000)
  from space 2048K, 10% used [0x00000000eb380000,0x00000000eb3b8000,0x00000000eb580000)
  to   space 512K, 0% used [0x00000000eb700000,0x00000000eb700000,0x00000000eb780000)
 ParOldGen       total 333312K, used 282551K [0x00000000c0000000, 0x00000000d4580000, 0x00000000eab00000)
  object space 333312K, 84% used [0x00000000c0000000,0x00000000d13eddb8,0x00000000d4580000)
 Metaspace       used 79336K, capacity 83199K, committed 84480K, reserved 1124352K
  class space    used 7395K, capacity 8728K, committed 8960K, reserved 1048576K
}
Event: 5393,434 GC heap before
{Heap before GC invocations=858 (full 14):
 PSYoungGen      total 10240K, used 8416K [0x00000000eab00000, 0x00000000eb780000, 0x0000000100000000)
  eden space 8192K, 100% used [0x00000000eab00000,0x00000000eb300000,0x00000000eb300000)
  from space 2048K, 10% used [0x00000000eb380000,0x00000000eb3b8000,0x00000000eb580000)
  to   space 512K, 0% used [0x00000000eb700000,0x00000000eb700000,0x00000000eb780000)
 ParOldGen       total 333312K, used 282551K [0x00000000c0000000, 0x00000000d4580000, 0x00000000eab00000)
  object space 333312K, 84% used [0x00000000c0000000,0x00000000d13eddb8,0x00000000d4580000)
 Metaspace       used 79336K, capacity 83199K, committed 84480K, reserved 1124352K
  class space    used 7395K, capacity 8728K, committed 8960K, reserved 1048576K
}
Event: 5393,436 GC heap after
{Heap after GC invocations=858 (full 14):
 PSYoungGen      total 8704K, used 192K [0x00000000eab00000, 0x00000000eb780000, 0x0000000100000000)
  eden space 8192K, 0% used [0x00000000eab00000,0x00000000eab00000,0x00000000eb300000)
  from space 512K, 37% used [0x00000000eb700000,0x00000000eb730000,0x00000000eb780000)
  to   space 512K, 0% used [0x00000000eb680000,0x00000000eb680000,0x00000000eb700000)
 ParOldGen       total 333312K, used 282583K [0x00000000c0000000, 0x00000000d4580000, 0x00000000eab00000)
  object space 333312K, 84% used [0x00000000c0000000,0x00000000d13f5db8,0x00000000d4580000)
 Metaspace       used 79336K, capacity 83199K, committed 84480K, reserved 1124352K
  class space    used 7395K, capacity 8728K, committed 8960K, reserved 1048576K
}
Event: 5402,351 GC heap before
{Heap before GC invocations=859 (full 14):
 PSYoungGen      total 8704K, used 8384K [0x00000000eab00000, 0x00000000eb780000, 0x0000000100000000)
  eden space 8192K, 100% used [0x00000000eab00000,0x00000000eb300000,0x00000000eb300000)
  from space 512K, 37% used [0x00000000eb700000,0x00000000eb730000,0x00000000eb780000)
  to   space 512K, 0% used [0x00000000eb680000,0x00000000eb680000,0x00000000eb700000)
 ParOldGen       total 333312K, used 282583K [0x00000000c0000000, 0x00000000d4580000, 0x00000000eab00000)
  object space 333312K, 84% used [0x00000000c0000000,0x00000000d13f5db8,0x00000000d4580000)
 Metaspace       used 79355K, capacity 83263K, committed 84480K, reserved 1124352K
  class space    used 7395K, capacity 8728K, committed 8960K, reserved 1048576K
}
Event: 5402,353 GC heap after
{Heap after GC invocations=859 (full 14):
 PSYoungGen      total 8704K, used 509K [0x00000000eab00000, 0x00000000eb900000, 0x0000000100000000)
  eden space 8192K, 0% used [0x00000000eab00000,0x00000000eab00000,0x00000000eb300000)
  from space 512K, 99% used [0x00000000eb680000,0x00000000eb6ff430,0x00000000eb700000)
  to   space 2048K, 0% used [0x00000000eb700000,0x00000000eb700000,0x00000000eb900000)
 ParOldGen       total 333312K, used 284451K [0x00000000c0000000, 0x00000000d4580000, 0x00000000eab00000)
  object space 333312K, 85% used [0x00000000c0000000,0x00000000d15c8fb0,0x00000000d4580000)
 Metaspace       used 79355K, capacity 83263K, committed 84480K, reserved 1124352K
  class space    used 7395K, capacity 8728K, committed 8960K, reserved 1048576K
}
Event: 5403,387 GC heap before
{Heap before GC invocations=860 (full 14):
 PSYoungGen      total 8704K, used 8700K [0x00000000eab00000, 0x00000000eb900000, 0x0000000100000000)
  eden space 8192K, 99% used [0x00000000eab00000,0x00000000eb2fff50,0x00000000eb300000)
  from space 512K, 99% used [0x00000000eb680000,0x00000000eb6ff430,0x00000000eb700000)
  to   space 2048K, 0% used [0x00000000eb700000,0x00000000eb700000,0x00000000eb900000)
 ParOldGen       total 333312K, used 284451K [0x00000000c0000000, 0x00000000d4580000, 0x00000000eab00000)
  object space 333312K, 85% used [0x00000000c0000000,0x00000000d15c8fb0,0x00000000d4580000)
 Metaspace       used 79360K, capacity 83263K, committed 84480K, reserved 1124352K
  class space    used 7395K, capacity 8728K, committed 8960K, reserved 1048576K
}
Event: 5403,392 GC heap after
{Heap after GC invocations=860 (full 14):
 PSYoungGen      total 10240K, used 2039K [0x00000000eab00000, 0x00000000eb900000, 0x0000000100000000)
  eden space 8192K, 0% used [0x00000000eab00000,0x00000000eab00000,0x00000000eb300000)
  from space 2048K, 99% used [0x00000000eb700000,0x00000000eb8fde58,0x00000000eb900000)
  to   space 3072K, 0% used [0x00000000eb300000,0x00000000eb300000,0x00000000eb600000)
 ParOldGen       total 333312K, used 284975K [0x00000000c0000000, 0x00000000d4580000, 0x00000000eab00000)
  object space 333312K, 85% used [0x00000000c0000000,0x00000000d164bc30,0x00000000d4580000)
 Metaspace       used 79360K, capacity 83263K, committed 84480K, reserved 1124352K
  class space    used 7395K, capacity 8728K, committed 8960K, reserved 1048576K
}
Event: 7824,134 GC heap before
{Heap before GC invocations=861 (full 14):
 PSYoungGen      total 10240K, used 10231K [0x00000000eab00000, 0x00000000eb900000, 0x0000000100000000)
  eden space 8192K, 99% used [0x00000000eab00000,0x00000000eb2ffeb0,0x00000000eb300000)
  from space 2048K, 99% used [0x00000000eb700000,0x00000000eb8fde58,0x00000000eb900000)
  to   space 3072K, 0% used [0x00000000eb300000,0x00000000eb300000,0x00000000eb600000)
 ParOldGen       total 333312K, used 284975K [0x00000000c0000000, 0x00000000d4580000, 0x00000000eab00000)
  object space 333312K, 85% used [0x00000000c0000000,0x00000000d164bc30,0x00000000d4580000)
 Metaspace       used 79389K, capacity 83263K, committed 84480K, reserved 1124352K
  class space    used 7395K, capacity 8728K, committed 8960K, reserved 1048576K
}
Event: 7824,141 GC heap after
{Heap after GC invocations=861 (full 14):
 PSYoungGen      total 11264K, used 192K [0x00000000eab00000, 0x00000000eb780000, 0x0000000100000000)
  eden space 8192K, 0% used [0x00000000eab00000,0x00000000eab00000,0x00000000eb300000)
  from space 3072K, 6% used [0x00000000eb300000,0x00000000eb330000,0x00000000eb600000)
  to   space 1536K, 0% used [0x00000000eb600000,0x00000000eb600000,0x00000000eb780000)
 ParOldGen       total 333312K, used 285839K [0x00000000c0000000, 0x00000000d4580000, 0x00000000eab00000)
  object space 333312K, 85% used [0x00000000c0000000,0x00000000d1723f38,0x00000000d4580000)
 Metaspace       used 79389K, capacity 83263K, committed 84480K, reserved 1124352K
  class space    used 7395K, capacity 8728K, committed 8960K, reserved 1048576K
}

Deoptimization events (20 events):
Event: 5392,363 Thread 0x00007f2d602a5000 Uncommon trap: trap_request=0xffffffbe fr.pc=0x00007f2dfd25dc60 relative=0x0000000000001f00
Event: 5392,363 Thread 0x00007f2d602a5000 Uncommon trap: reason=profile_predicate action=maybe_recompile pc=0x00007f2dfd25dc60 method=org.eclipse.jdt.internal.compiler.lookup.SourceTypeBinding.getExactMethod([C[Lorg/eclipse/jdt/internal/compiler/lookup/TypeBinding;Lorg/eclipse/jdt/internal/compil
Event: 5392,363 Thread 0x00007f2d602a5000 DEOPT PACKING pc=0x00007f2dfd25dc60 sp=0x00007f2d0e9d00c0
Event: 5392,363 Thread 0x00007f2d602a5000 DEOPT UNPACKING pc=0x00007f2df48bf1a5 sp=0x00007f2d0e9d0058 mode 2
Event: 5392,364 Thread 0x00007f2d602a5000 Uncommon trap: trap_request=0xffffffbe fr.pc=0x00007f2dfd25dc60 relative=0x0000000000001f00
Event: 5392,364 Thread 0x00007f2d602a5000 Uncommon trap: reason=profile_predicate action=maybe_recompile pc=0x00007f2dfd25dc60 method=org.eclipse.jdt.internal.compiler.lookup.SourceTypeBinding.getExactMethod([C[Lorg/eclipse/jdt/internal/compiler/lookup/TypeBinding;Lorg/eclipse/jdt/internal/compil
Event: 5392,364 Thread 0x00007f2d602a5000 DEOPT PACKING pc=0x00007f2dfd25dc60 sp=0x00007f2d0e9d00c0
Event: 5392,364 Thread 0x00007f2d602a5000 DEOPT UNPACKING pc=0x00007f2df48bf1a5 sp=0x00007f2d0e9d0058 mode 2
Event: 5392,364 Thread 0x00007f2d602a5000 Uncommon trap: trap_request=0xffffffbe fr.pc=0x00007f2dfd25dc60 relative=0x0000000000001f00
Event: 5392,364 Thread 0x00007f2d602a5000 Uncommon trap: reason=profile_predicate action=maybe_recompile pc=0x00007f2dfd25dc60 method=org.eclipse.jdt.internal.compiler.lookup.SourceTypeBinding.getExactMethod([C[Lorg/eclipse/jdt/internal/compiler/lookup/TypeBinding;Lorg/eclipse/jdt/internal/compil
Event: 5392,364 Thread 0x00007f2d602a5000 DEOPT PACKING pc=0x00007f2dfd25dc60 sp=0x00007f2d0e9d00c0
Event: 5392,364 Thread 0x00007f2d602a5000 DEOPT UNPACKING pc=0x00007f2df48bf1a5 sp=0x00007f2d0e9d0058 mode 2
Event: 5392,696 Thread 0x00007f2d4c135800 Uncommon trap: trap_request=0xffffffe4 fr.pc=0x00007f2dfd1f0d38 relative=0x00000000000001d8
Event: 5392,696 Thread 0x00007f2d4c135800 Uncommon trap: reason=range_check action=make_not_entrant pc=0x00007f2dfd1f0d38 method=org.eclipse.jdt.core.dom.ASTConverter.getPrimitiveTypeCode([C)Lorg/eclipse/jdt/core/dom/PrimitiveType$Code; @ 2 c2
Event: 5392,696 Thread 0x00007f2d4c135800 DEOPT PACKING pc=0x00007f2dfd1f0d38 sp=0x00007f2d56c14af0
Event: 5392,696 Thread 0x00007f2d4c135800 DEOPT UNPACKING pc=0x00007f2df48bf1a5 sp=0x00007f2d56c14a98 mode 2
Event: 5402,238 Thread 0x00007f2dac3d0800 DEOPT PACKING pc=0x00007f2df70ab2d7 sp=0x00007f2de54e34c0
Event: 5402,238 Thread 0x00007f2dac3d0800 DEOPT UNPACKING pc=0x00007f2df48befba sp=0x00007f2de54e2a58 mode 0
Event: 5402,369 Thread 0x00007f2d94008000 DEOPT PACKING pc=0x00007f2df5b21aa3 sp=0x00007f2de51e1910
Event: 5402,369 Thread 0x00007f2d94008000 DEOPT UNPACKING pc=0x00007f2df48befba sp=0x00007f2de51e0e00 mode 0

Classes redefined (0 events):
No events

Internal exceptions (20 events):
Event: 5402,364 Thread 0x00007f2d94008000 Implicit null exception at 0x00007f2df6eef1ff to 0x00007f2df6ef44ea
Event: 5402,364 Thread 0x00007f2d94008000 Exception <a 'java/lang/NullPointerException'{0x00000000eae1f1b0}> (0x00000000eae1f1b0) thrown at [src/hotspot/share/runtime/sharedRuntime.cpp, line 584]
Event: 5402,364 Thread 0x00007f2d94008000 Implicit null exception at 0x00007f2df6eef1ff to 0x00007f2df6ef44ea
Event: 5402,364 Thread 0x00007f2d94008000 Exception <a 'java/lang/NullPointerException'{0x00000000eae1fbb8}> (0x00000000eae1fbb8) thrown at [src/hotspot/share/runtime/sharedRuntime.cpp, line 584]
Event: 5402,364 Thread 0x00007f2d94008000 Implicit null exception at 0x00007f2df6eef1ff to 0x00007f2df6ef44ea
Event: 5402,364 Thread 0x00007f2d94008000 Exception <a 'java/lang/NullPointerException'{0x00000000eae1fe98}> (0x00000000eae1fe98) thrown at [src/hotspot/share/runtime/sharedRuntime.cpp, line 584]
Event: 5402,364 Thread 0x00007f2d94008000 Implicit null exception at 0x00007f2df6eef1ff to 0x00007f2df6ef44ea
Event: 5402,364 Thread 0x00007f2d94008000 Exception <a 'java/lang/NullPointerException'{0x00000000eae20178}> (0x00000000eae20178) thrown at [src/hotspot/share/runtime/sharedRuntime.cpp, line 584]
Event: 5403,395 Thread 0x00007f2dbc23c800 Implicit null exception at 0x00007f2df6eef1ff to 0x00007f2df6ef44ea
Event: 5403,395 Thread 0x00007f2dbc23c800 Exception <a 'java/lang/NullPointerException'{0x00000000eab462b0}> (0x00000000eab462b0) thrown at [src/hotspot/share/runtime/sharedRuntime.cpp, line 584]
Event: 5403,395 Thread 0x00007f2dbc23c800 Implicit null exception at 0x00007f2df6eef1ff to 0x00007f2df6ef44ea
Event: 5403,395 Thread 0x00007f2dbc23c800 Exception <a 'java/lang/NullPointerException'{0x00000000eab46590}> (0x00000000eab46590) thrown at [src/hotspot/share/runtime/sharedRuntime.cpp, line 584]
Event: 5403,395 Thread 0x00007f2dbc23c800 Implicit null exception at 0x00007f2df6eef1ff to 0x00007f2df6ef44ea
Event: 5403,395 Thread 0x00007f2dbc23c800 Exception <a 'java/lang/NullPointerException'{0x00000000eab46870}> (0x00000000eab46870) thrown at [src/hotspot/share/runtime/sharedRuntime.cpp, line 584]
Event: 5403,395 Thread 0x00007f2dbc23c800 Implicit null exception at 0x00007f2df6eef1ff to 0x00007f2df6ef44ea
Event: 5403,395 Thread 0x00007f2dbc23c800 Exception <a 'java/lang/NullPointerException'{0x00000000eab46f30}> (0x00000000eab46f30) thrown at [src/hotspot/share/runtime/sharedRuntime.cpp, line 584]
Event: 5403,395 Thread 0x00007f2dbc23c800 Implicit null exception at 0x00007f2df6eef1ff to 0x00007f2df6ef44ea
Event: 5403,395 Thread 0x00007f2dbc23c800 Exception <a 'java/lang/NullPointerException'{0x00000000eab47210}> (0x00000000eab47210) thrown at [src/hotspot/share/runtime/sharedRuntime.cpp, line 584]
Event: 5403,395 Thread 0x00007f2dbc23c800 Implicit null exception at 0x00007f2df6eef1ff to 0x00007f2df6ef44ea
Event: 5403,395 Thread 0x00007f2dbc23c800 Exception <a 'java/lang/NullPointerException'{0x00000000eab474f0}> (0x00000000eab474f0) thrown at [src/hotspot/share/runtime/sharedRuntime.cpp, line 584]

Events (20 events):
Event: 7553,768 Executing VM operation: BulkRevokeBias
Event: 7553,768 Executing VM operation: BulkRevokeBias done
Event: 7774,076 Executing VM operation: BulkRevokeBias
Event: 7774,077 Executing VM operation: BulkRevokeBias done
Event: 7824,134 Executing VM operation: ParallelGCFailedAllocation
Event: 7824,141 Executing VM operation: ParallelGCFailedAllocation done
Event: 7994,455 Executing VM operation: BulkRevokeBias
Event: 7994,455 Executing VM operation: BulkRevokeBias done
Event: 8214,864 Executing VM operation: BulkRevokeBias
Event: 8214,865 Executing VM operation: BulkRevokeBias done
Event: 8435,279 Executing VM operation: BulkRevokeBias
Event: 8435,279 Executing VM operation: BulkRevokeBias done
Event: 8655,689 Executing VM operation: BulkRevokeBias
Event: 8655,689 Executing VM operation: BulkRevokeBias done
Event: 8876,131 Executing VM operation: BulkRevokeBias
Event: 8876,131 Executing VM operation: BulkRevokeBias done
Event: 9096,480 Executing VM operation: BulkRevokeBias
Event: 9096,481 Executing VM operation: BulkRevokeBias done
Event: 9316,833 Executing VM operation: BulkRevokeBias
Event: 9316,833 Executing VM operation: BulkRevokeBias done


Dynamic libraries:
c0000000-d4580000 rw-p 00000000 00:00 0 
d4580000-eab00000 ---p 00000000 00:00 0 
eab00000-eb780000 rw-p 00000000 00:00 0 
eb780000-100000000 ---p 00000000 00:00 0 
800000000-800002000 rwxp 00001000 08:06 43517611                         /usr/lib/jvm/java-11-openjdk-amd64/lib/server/classes.jsa
800002000-8003b9000 rw-p 00003000 08:06 43517611                         /usr/lib/jvm/java-11-openjdk-amd64/lib/server/classes.jsa
8003b9000-800a96000 r--p 003ba000 08:06 43517611                         /usr/lib/jvm/java-11-openjdk-amd64/lib/server/classes.jsa
800a96000-800a97000 rw-p 00a97000 08:06 43517611                         /usr/lib/jvm/java-11-openjdk-amd64/lib/server/classes.jsa
800a97000-8010a5000 r--p 00a98000 08:06 43517611                         /usr/lib/jvm/java-11-openjdk-amd64/lib/server/classes.jsa
840000000-8408c0000 rw-p 00000000 00:00 0 
8408c0000-880000000 ---p 00000000 00:00 0 
55a897f05000-55a897f06000 r--p 00000000 08:06 41553335                   /usr/lib/jvm/java-11-openjdk-amd64/bin/java
55a897f06000-55a897f07000 r-xp 00001000 08:06 41553335                   /usr/lib/jvm/java-11-openjdk-amd64/bin/java
55a897f07000-55a897f08000 r--p 00002000 08:06 41553335                   /usr/lib/jvm/java-11-openjdk-amd64/bin/java
55a897f08000-55a897f09000 r--p 00002000 08:06 41553335                   /usr/lib/jvm/java-11-openjdk-amd64/bin/java
55a897f09000-55a897f0a000 rw-p 00003000 08:06 41553335                   /usr/lib/jvm/java-11-openjdk-amd64/bin/java
55a898c86000-55a898ca7000 rw-p 00000000 00:00 0                          [heap]
7f2ce8000000-7f2ce859e000 rw-p 00000000 00:00 0 
7f2ce859e000-7f2cec000000 ---p 00000000 00:00 0 
7f2cec000000-7f2cec18f000 rw-p 00000000 00:00 0 
7f2cec18f000-7f2cf0000000 ---p 00000000 00:00 0 
7f2cf0000000-7f2cf0d05000 rw-p 00000000 00:00 0 
7f2cf0d05000-7f2cf4000000 ---p 00000000 00:00 0 
7f2cf4000000-7f2cf7ffd000 rw-p 00000000 00:00 0 
7f2cf7ffd000-7f2cf8000000 ---p 00000000 00:00 0 
7f2cf8000000-7f2cf826e000 rw-p 00000000 00:00 0 
7f2cf826e000-7f2cfc000000 ---p 00000000 00:00 0 
7f2cfc000000-7f2cfc021000 rw-p 00000000 00:00 0 
7f2cfc021000-7f2d00000000 ---p 00000000 00:00 0 
7f2d00000000-7f2d0071c000 rw-p 00000000 00:00 0 
7f2d0071c000-7f2d04000000 ---p 00000000 00:00 0 
7f2d04000000-7f2d04740000 rw-p 00000000 00:00 0 
7f2d04740000-7f2d08000000 ---p 00000000 00:00 0 
7f2d08000000-7f2d081d9000 rw-p 00000000 00:00 0 
7f2d081d9000-7f2d0c000000 ---p 00000000 00:00 0 
7f2d0e6d2000-7f2d0e892000 rw-p 00000000 00:00 0 
7f2d0e892000-7f2d0e8d6000 ---p 00000000 00:00 0 
7f2d0e8d6000-7f2d0e9d3000 rw-p 00000000 00:00 0 
7f2d0e9d3000-7f2d0e9d7000 ---p 00000000 00:00 0 
7f2d0e9d7000-7f2d0ead4000 rw-p 00000000 00:00 0 
7f2d0ead4000-7f2d0ead8000 ---p 00000000 00:00 0 
7f2d0ead8000-7f2d0ebd5000 rw-p 00000000 00:00 0 
7f2d0ebd5000-7f2d0ebd9000 ---p 00000000 00:00 0 
7f2d0ebd9000-7f2d0ecd6000 rw-p 00000000 00:00 0 
7f2d0ecd6000-7f2d0ecda000 ---p 00000000 00:00 0 
7f2d0ecda000-7f2d0edd7000 rw-p 00000000 00:00 0 
7f2d0edd7000-7f2d0eddb000 ---p 00000000 00:00 0 
7f2d0eddb000-7f2d0eed8000 rw-p 00000000 00:00 0 
7f2d0eed8000-7f2d0eedc000 ---p 00000000 00:00 0 
7f2d0eedc000-7f2d0efd9000 rw-p 00000000 00:00 0 
7f2d0efd9000-7f2d0efdd000 ---p 00000000 00:00 0 
7f2d0efdd000-7f2d0f2da000 rw-p 00000000 00:00 0 
7f2d0f2da000-7f2d0f4da000 rw-p 00000000 00:00 0 
7f2d0f4da000-7f2d0f4de000 ---p 00000000 00:00 0 
7f2d0f4de000-7f2d0f7db000 rw-p 00000000 00:00 0 
7f2d0f7db000-7f2d0fa0c000 r--s 00000000 08:06 58329949                   /home/nclsbayona/.vscode/extensions/vscjava.vscode-maven-0.25.0/resources/IndexData/index/_l.fdt
7f2d0fa0c000-7f2d10000000 r--s 00000000 08:06 58329932                   /home/nclsbayona/.vscode/extensions/vscjava.vscode-maven-0.25.0/resources/IndexData/index/_l_Lucene50_0.tim
7f2d10000000-7f2d11004000 rw-p 00000000 00:00 0 
7f2d11004000-7f2d14000000 ---p 00000000 00:00 0 
7f2d14000000-7f2d14b03000 rw-p 00000000 00:00 0 
7f2d14b03000-7f2d18000000 ---p 00000000 00:00 0 
7f2d18000000-7f2d18040000 rw-p 00000000 00:00 0 
7f2d18040000-7f2d1c000000 ---p 00000000 00:00 0 
7f2d1c000000-7f2d1d90f000 rw-p 00000000 00:00 0 
7f2d1d90f000-7f2d20000000 ---p 00000000 00:00 0 
7f2d20000000-7f2d2096c000 rw-p 00000000 00:00 0 
7f2d2096c000-7f2d24000000 ---p 00000000 00:00 0 
7f2d24000000-7f2d25b53000 rw-p 00000000 00:00 0 
7f2d25b53000-7f2d28000000 ---p 00000000 00:00 0 
7f2d28000000-7f2d28021000 rw-p 00000000 00:00 0 
7f2d28021000-7f2d2c000000 ---p 00000000 00:00 0 
7f2d2c000000-7f2d2db70000 rw-p 00000000 00:00 0 
7f2d2db70000-7f2d30000000 ---p 00000000 00:00 0 
7f2d30000000-7f2d3226c000 rw-p 00000000 00:00 0 
7f2d3226c000-7f2d34000000 ---p 00000000 00:00 0 
7f2d34000000-7f2d35d58000 rw-p 00000000 00:00 0 
7f2d35d58000-7f2d38000000 ---p 00000000 00:00 0 
7f2d38000000-7f2d39589000 rw-p 00000000 00:00 0 
7f2d39589000-7f2d3c000000 ---p 00000000 00:00 0 
7f2d3c000000-7f2d3c021000 rw-p 00000000 00:00 0 
7f2d3c021000-7f2d40000000 ---p 00000000 00:00 0 
7f2d40000000-7f2d40b3c000 rw-p 00000000 00:00 0 
7f2d40b3c000-7f2d44000000 ---p 00000000 00:00 0 
7f2d44000000-7f2d4665b000 rw-p 00000000 00:00 0 
7f2d4665b000-7f2d48000000 ---p 00000000 00:00 0 
7f2d48000000-7f2d48021000 rw-p 00000000 00:00 0 
7f2d48021000-7f2d4c000000 ---p 00000000 00:00 0 
7f2d4c000000-7f2d4e2d0000 rw-p 00000000 00:00 0 
7f2d4e2d0000-7f2d50000000 ---p 00000000 00:00 0 
7f2d50000000-7f2d501cb000 rw-p 00000000 00:00 0 
7f2d501cb000-7f2d54000000 ---p 00000000 00:00 0 
7f2d540be000-7f2d54209000 r--s 00000000 08:06 58329929                   /home/nclsbayona/.vscode/extensions/vscjava.vscode-maven-0.25.0/resources/IndexData/index/_l_Lucene50_0.pos
7f2d54209000-7f2d54409000 rw-p 00000000 00:00 0 
7f2d54409000-7f2d54609000 rw-p 00000000 00:00 0 
7f2d54609000-7f2d54809000 rw-p 00000000 00:00 0 
7f2d54809000-7f2d54a09000 rw-p 00000000 00:00 0 
7f2d54a09000-7f2d54c09000 rw-p 00000000 00:00 0 
7f2d54c09000-7f2d54e09000 rw-p 00000000 00:00 0 
7f2d54e09000-7f2d55009000 rw-p 00000000 00:00 0 
7f2d55009000-7f2d55209000 rw-p 00000000 00:00 0 
7f2d55209000-7f2d5520d000 ---p 00000000 00:00 0 
7f2d5520d000-7f2d5530a000 rw-p 00000000 00:00 0 
7f2d5530a000-7f2d5530e000 ---p 00000000 00:00 0 
7f2d5530e000-7f2d5540b000 rw-p 00000000 00:00 0 
7f2d5540b000-7f2d5540f000 ---p 00000000 00:00 0 
7f2d5540f000-7f2d5550c000 rw-p 00000000 00:00 0 
7f2d5550c000-7f2d55510000 ---p 00000000 00:00 0 
7f2d55510000-7f2d5560d000 rw-p 00000000 00:00 0 
7f2d5560d000-7f2d55611000 ---p 00000000 00:00 0 
7f2d55611000-7f2d5570e000 rw-p 00000000 00:00 0 
7f2d5570e000-7f2d55712000 ---p 00000000 00:00 0 
7f2d55712000-7f2d5580f000 rw-p 00000000 00:00 0 
7f2d5580f000-7f2d55813000 ---p 00000000 00:00 0 
7f2d55813000-7f2d55910000 rw-p 00000000 00:00 0 
7f2d55910000-7f2d55914000 ---p 00000000 00:00 0 
7f2d55914000-7f2d55c11000 rw-p 00000000 00:00 0 
7f2d55c11000-7f2d55e11000 rw-p 00000000 00:00 0 
7f2d55e11000-7f2d55e15000 ---p 00000000 00:00 0 
7f2d55e15000-7f2d55f12000 rw-p 00000000 00:00 0 
7f2d55f12000-7f2d55f16000 ---p 00000000 00:00 0 
7f2d55f16000-7f2d56013000 rw-p 00000000 00:00 0 
7f2d56013000-7f2d56017000 ---p 00000000 00:00 0 
7f2d56017000-7f2d56114000 rw-p 00000000 00:00 0 
7f2d56114000-7f2d56118000 ---p 00000000 00:00 0 
7f2d56118000-7f2d56415000 rw-p 00000000 00:00 0 
7f2d56415000-7f2d56615000 rw-p 00000000 00:00 0 
7f2d56615000-7f2d56815000 rw-p 00000000 00:00 0 
7f2d56815000-7f2d56a15000 rw-p 00000000 00:00 0 
7f2d56a15000-7f2d56a19000 ---p 00000000 00:00 0 
7f2d56a19000-7f2d56b16000 rw-p 00000000 00:00 0 
7f2d56b16000-7f2d56b1a000 ---p 00000000 00:00 0 
7f2d56b1a000-7f2d56c17000 rw-p 00000000 00:00 0 
7f2d56c17000-7f2d56c1b000 ---p 00000000 00:00 0 
7f2d56c1b000-7f2d56f18000 rw-p 00000000 00:00 0 
7f2d56f18000-7f2d57118000 rw-p 00000000 00:00 0 
7f2d57118000-7f2d57318000 rw-p 00000000 00:00 0 
7f2d57318000-7f2d57518000 rw-p 00000000 00:00 0 
7f2d57598000-7f2d5759c000 ---p 00000000 00:00 0 
7f2d5759c000-7f2d57899000 rw-p 00000000 00:00 0 
7f2d57899000-7f2d60000000 r--s 00000000 08:06 43387533                   /usr/lib/jvm/java-11-openjdk-amd64/lib/modules
7f2d60000000-7f2d60467000 rw-p 00000000 00:00 0 
7f2d60467000-7f2d64000000 ---p 00000000 00:00 0 
7f2d64000000-7f2d6402d000 rw-p 00000000 00:00 0 
7f2d6402d000-7f2d68000000 ---p 00000000 00:00 0 
7f2d68000000-7f2d68021000 rw-p 00000000 00:00 0 
7f2d68021000-7f2d6c000000 ---p 00000000 00:00 0 
7f2d6c000000-7f2d6c021000 rw-p 00000000 00:00 0 
7f2d6c021000-7f2d70000000 ---p 00000000 00:00 0 
7f2d70000000-7f2d723ed000 rw-p 00000000 00:00 0 
7f2d723ed000-7f2d74000000 ---p 00000000 00:00 0 
7f2d74000000-7f2d75adc000 rw-p 00000000 00:00 0 
7f2d75adc000-7f2d78000000 ---p 00000000 00:00 0 
7f2d78000000-7f2d78021000 rw-p 00000000 00:00 0 
7f2d78021000-7f2d7c000000 ---p 00000000 00:00 0 
7f2d7c000000-7f2d7c04a000 rw-p 00000000 00:00 0 
7f2d7c04a000-7f2d80000000 ---p 00000000 00:00 0 
7f2d80000000-7f2d80199000 rw-p 00000000 00:00 0 
7f2d80199000-7f2d84000000 ---p 00000000 00:00 0 
7f2d84000000-7f2d84199000 rw-p 00000000 00:00 0 
7f2d84199000-7f2d88000000 ---p 00000000 00:00 0 
7f2d88000000-7f2d88541000 rw-p 00000000 00:00 0 
7f2d88541000-7f2d8c000000 ---p 00000000 00:00 0 
7f2d8c000000-7f2d8c196000 rw-p 00000000 00:00 0 
7f2d8c196000-7f2d90000000 ---p 00000000 00:00 0 
7f2d90000000-7f2d90021000 rw-p 00000000 00:00 0 
7f2d90021000-7f2d94000000 ---p 00000000 00:00 0 
7f2d94000000-7f2d94a45000 rw-p 00000000 00:00 0 
7f2d94a45000-7f2d98000000 ---p 00000000 00:00 0 
7f2d98000000-7f2d980dc000 rw-p 00000000 00:00 0 
7f2d980dc000-7f2d9c000000 ---p 00000000 00:00 0 
7f2d9c000000-7f2d9c021000 rw-p 00000000 00:00 0 
7f2d9c021000-7f2da0000000 ---p 00000000 00:00 0 
7f2da0000000-7f2da00df000 rw-p 00000000 00:00 0 
7f2da00df000-7f2da4000000 ---p 00000000 00:00 0 
7f2da4000000-7f2da40d1000 rw-p 00000000 00:00 0 
7f2da40d1000-7f2da8000000 ---p 00000000 00:00 0 
7f2da8000000-7f2da8021000 rw-p 00000000 00:00 0 
7f2da8021000-7f2dac000000 ---p 00000000 00:00 0 
7f2dac000000-7f2dac75e000 rw-p 00000000 00:00 0 
7f2dac75e000-7f2db0000000 ---p 00000000 00:00 0 
7f2db0000000-7f2db0dea000 rw-p 00000000 00:00 0 
7f2db0dea000-7f2db4000000 ---p 00000000 00:00 0 
7f2db4000000-7f2db4021000 rw-p 00000000 00:00 0 
7f2db4021000-7f2db8000000 ---p 00000000 00:00 0 
7f2db8000000-7f2dba90a000 rw-p 00000000 00:00 0 
7f2dba90a000-7f2dbc000000 ---p 00000000 00:00 0 
7f2dbc000000-7f2dbd5cf000 rw-p 00000000 00:00 0 
7f2dbd5cf000-7f2dc0000000 ---p 00000000 00:00 0 
7f2dc0000000-7f2dc0021000 rw-p 00000000 00:00 0 
7f2dc0021000-7f2dc4000000 ---p 00000000 00:00 0 
7f2dc4000000-7f2dc4021000 rw-p 00000000 00:00 0 
7f2dc4021000-7f2dc8000000 ---p 00000000 00:00 0 
7f2dc8000000-7f2dc8191000 rw-p 00000000 00:00 0 
7f2dc8191000-7f2dcc000000 ---p 00000000 00:00 0 
7f2dcc000000-7f2dcc021000 rw-p 00000000 00:00 0 
7f2dcc021000-7f2dd0000000 ---p 00000000 00:00 0 
7f2dd0000000-7f2dd2a8a000 rw-p 00000000 00:00 0 
7f2dd2a8a000-7f2dd4000000 ---p 00000000 00:00 0 
7f2dd4000000-7f2dd5494000 rw-p 00000000 00:00 0 
7f2dd5494000-7f2dd8000000 ---p 00000000 00:00 0 
7f2dd8000000-7f2dd8021000 rw-p 00000000 00:00 0 
7f2dd8021000-7f2ddc000000 ---p 00000000 00:00 0 
7f2ddc000000-7f2ddc021000 rw-p 00000000 00:00 0 
7f2ddc021000-7f2de0000000 ---p 00000000 00:00 0 
7f2de0000000-7f2de0021000 rw-p 00000000 00:00 0 
7f2de0021000-7f2de4000000 ---p 00000000 00:00 0 
7f2de40dd000-7f2de40e1000 ---p 00000000 00:00 0 
7f2de40e1000-7f2de43de000 rw-p 00000000 00:00 0 
7f2de43de000-7f2de45de000 rw-p 00000000 00:00 0 
7f2de45de000-7f2de45e2000 ---p 00000000 00:00 0 
7f2de45e2000-7f2de48df000 rw-p 00000000 00:00 0 
7f2de48df000-7f2de48e3000 ---p 00000000 00:00 0 
7f2de48e3000-7f2de4be0000 rw-p 00000000 00:00 0 
7f2de4be0000-7f2de4be4000 ---p 00000000 00:00 0 
7f2de4be4000-7f2de4ce1000 rw-p 00000000 00:00 0 
7f2de4ce1000-7f2de4ce5000 ---p 00000000 00:00 0 
7f2de4ce5000-7f2de4fe2000 rw-p 00000000 00:00 0 
7f2de4fe2000-7f2de4fe6000 ---p 00000000 00:00 0 
7f2de4fe6000-7f2de50e3000 rw-p 00000000 00:00 0 
7f2de50e3000-7f2de50e7000 ---p 00000000 00:00 0 
7f2de50e7000-7f2de53e4000 rw-p 00000000 00:00 0 
7f2de53e4000-7f2de53e8000 ---p 00000000 00:00 0 
7f2de53e8000-7f2de54e5000 rw-p 00000000 00:00 0 
7f2de54e5000-7f2de54e6000 ---p 00000000 00:00 0 
7f2de54e6000-7f2de55e7000 rw-p 00000000 00:00 0 
7f2de55e7000-7f2de55e8000 ---p 00000000 00:00 0 
7f2de55e8000-7f2de56e9000 rw-p 00000000 00:00 0 
7f2de56e9000-7f2de56ea000 ---p 00000000 00:00 0 
7f2de56ea000-7f2de57eb000 rw-p 00000000 00:00 0 
7f2de57eb000-7f2de57ec000 ---p 00000000 00:00 0 
7f2de57ec000-7f2de5aed000 rw-p 00000000 00:00 0 
7f2de5aed000-7f2de5af1000 ---p 00000000 00:00 0 
7f2de5af1000-7f2de5dee000 rw-p 00000000 00:00 0 
7f2de5dee000-7f2de5df2000 ---p 00000000 00:00 0 
7f2de5df2000-7f2de5eef000 rw-p 00000000 00:00 0 
7f2de5eef000-7f2de5ef3000 ---p 00000000 00:00 0 
7f2de5ef3000-7f2de61f0000 rw-p 00000000 00:00 0 
7f2de61f0000-7f2de63f0000 rw-p 00000000 00:00 0 
7f2de63f0000-7f2de63f4000 ---p 00000000 00:00 0 
7f2de63f4000-7f2de64f1000 rw-p 00000000 00:00 0 
7f2de64f1000-7f2de64f2000 ---p 00000000 00:00 0 
7f2de64f2000-7f2de65f3000 rw-p 00000000 00:00 0 
7f2de65f3000-7f2de65f4000 ---p 00000000 00:00 0 
7f2de65f4000-7f2de66f5000 rw-p 00000000 00:00 0 
7f2de66f5000-7f2de66f6000 ---p 00000000 00:00 0 
7f2de66f6000-7f2de67f7000 rw-p 00000000 00:00 0 
7f2de67f7000-7f2de6807000 r-xp 00000000 08:06 58983443                   /home/nclsbayona/.config/Code/User/globalStorage/redhat.java/0.71.0/config_linux/org.eclipse.equinox.launcher/org.eclipse.equinox.launcher.gtk.linux.x86_64_1.2.0.v20200915-1442/eclipse_11201.so
7f2de6807000-7f2de6a06000 ---p 00010000 08:06 58983443                   /home/nclsbayona/.config/Code/User/globalStorage/redhat.java/0.71.0/config_linux/org.eclipse.equinox.launcher/org.eclipse.equinox.launcher.gtk.linux.x86_64_1.2.0.v20200915-1442/eclipse_11201.so
7f2de6a06000-7f2de6a07000 r--p 0000f000 08:06 58983443                   /home/nclsbayona/.config/Code/User/globalStorage/redhat.java/0.71.0/config_linux/org.eclipse.equinox.launcher/org.eclipse.equinox.launcher.gtk.linux.x86_64_1.2.0.v20200915-1442/eclipse_11201.so
7f2de6a07000-7f2de6a08000 rw-p 00010000 08:06 58983443                   /home/nclsbayona/.config/Code/User/globalStorage/redhat.java/0.71.0/config_linux/org.eclipse.equinox.launcher/org.eclipse.equinox.launcher.gtk.linux.x86_64_1.2.0.v20200915-1442/eclipse_11201.so
7f2de6a08000-7f2de6a0c000 ---p 00000000 00:00 0 
7f2de6a0c000-7f2de6b09000 rw-p 00000000 00:00 0 
7f2de6b09000-7f2de6b0d000 ---p 00000000 00:00 0 
7f2de6b0d000-7f2de6c0a000 rw-p 00000000 00:00 0 
7f2de6c0a000-7f2de6c0e000 ---p 00000000 00:00 0 
7f2de6c0e000-7f2de6d0b000 rw-p 00000000 00:00 0 
7f2de6d0b000-7f2de6d0f000 ---p 00000000 00:00 0 
7f2de6d0f000-7f2de6e0c000 rw-p 00000000 00:00 0 
7f2de6e0c000-7f2de6e10000 ---p 00000000 00:00 0 
7f2de6e10000-7f2de6f0d000 rw-p 00000000 00:00 0 
7f2de6f0d000-7f2de6f0e000 ---p 00000000 00:00 0 
7f2de6f0e000-7f2de700f000 rw-p 00000000 00:00 0 
7f2de700f000-7f2de7013000 ---p 00000000 00:00 0 
7f2de7013000-7f2de7110000 rw-p 00000000 00:00 0 
7f2de7110000-7f2de7114000 ---p 00000000 00:00 0 
7f2de7114000-7f2de7211000 rw-p 00000000 00:00 0 
7f2de7211000-7f2de7215000 ---p 00000000 00:00 0 
7f2de7215000-7f2de7312000 rw-p 00000000 00:00 0 
7f2de7312000-7f2de7316000 ---p 00000000 00:00 0 
7f2de7316000-7f2de7413000 rw-p 00000000 00:00 0 
7f2de7413000-7f2de7417000 ---p 00000000 00:00 0 
7f2de7417000-7f2de7514000 rw-p 00000000 00:00 0 
7f2de7514000-7f2de7518000 ---p 00000000 00:00 0 
7f2de7518000-7f2de7615000 rw-p 00000000 00:00 0 
7f2de7615000-7f2de7dfe000 r--p 00000000 08:06 41418880                   /usr/lib/locale/locale-archive
7f2de7dfe000-7f2de7e02000 ---p 00000000 00:00 0 
7f2de7e02000-7f2de7eff000 rw-p 00000000 00:00 0 
7f2de7eff000-7f2de7f03000 ---p 00000000 00:00 0 
7f2de7f03000-7f2de8000000 rw-p 00000000 00:00 0 
7f2de8000000-7f2de81c5000 rw-p 00000000 00:00 0 
7f2de81c5000-7f2dec000000 ---p 00000000 00:00 0 
7f2dec063000-7f2dec09a000 r--s 00000000 08:06 58329925                   /home/nclsbayona/.vscode/extensions/vscjava.vscode-maven-0.25.0/resources/IndexData/index/_l_Lucene50_0.doc
7f2dec09a000-7f2dec09e000 r--p 00000000 08:06 41421798                   /usr/lib/x86_64-linux-gnu/libresolv-2.31.so
7f2dec09e000-7f2dec0ae000 r-xp 00004000 08:06 41421798                   /usr/lib/x86_64-linux-gnu/libresolv-2.31.so
7f2dec0ae000-7f2dec0b1000 r--p 00014000 08:06 41421798                   /usr/lib/x86_64-linux-gnu/libresolv-2.31.so
7f2dec0b1000-7f2dec0b2000 ---p 00017000 08:06 41421798                   /usr/lib/x86_64-linux-gnu/libresolv-2.31.so
7f2dec0b2000-7f2dec0b3000 r--p 00017000 08:06 41421798                   /usr/lib/x86_64-linux-gnu/libresolv-2.31.so
7f2dec0b3000-7f2dec0b4000 rw-p 00018000 08:06 41421798                   /usr/lib/x86_64-linux-gnu/libresolv-2.31.so
7f2dec0b4000-7f2dec0b6000 rw-p 00000000 00:00 0 
7f2dec0b6000-7f2dec0be000 r--p 00000000 08:06 43387529                   /usr/lib/jvm/java-11-openjdk-amd64/lib/libsunec.so
7f2dec0be000-7f2dec0d7000 r-xp 00008000 08:06 43387529                   /usr/lib/jvm/java-11-openjdk-amd64/lib/libsunec.so
7f2dec0d7000-7f2dec0e1000 r--p 00021000 08:06 43387529                   /usr/lib/jvm/java-11-openjdk-amd64/lib/libsunec.so
7f2dec0e1000-7f2dec0e2000 ---p 0002b000 08:06 43387529                   /usr/lib/jvm/java-11-openjdk-amd64/lib/libsunec.so
7f2dec0e2000-7f2dec0e6000 r--p 0002b000 08:06 43387529                   /usr/lib/jvm/java-11-openjdk-amd64/lib/libsunec.so
7f2dec0e6000-7f2dec0e8000 rw-p 0002f000 08:06 43387529                   /usr/lib/jvm/java-11-openjdk-amd64/lib/libsunec.so
7f2dec0e8000-7f2dec0e9000 ---p 00000000 00:00 0 
7f2dec0e9000-7f2df0000000 rw-p 00000000 00:00 0 
7f2df0000000-7f2df00e1000 rw-p 00000000 00:00 0 
7f2df00e1000-7f2df4000000 ---p 00000000 00:00 0 
7f2df4011000-7f2df4797000 rw-p 00000000 00:00 0 
7f2df4797000-7f2df4798000 ---p 00000000 00:00 0 
7f2df4798000-7f2df4899000 rw-p 00000000 00:00 0 
7f2df4899000-7f2df4b09000 rwxp 00000000 00:00 0 
7f2df4b09000-7f2df4e2a000 ---p 00000000 00:00 0 
7f2df4e2a000-7f2df75fa000 rwxp 00000000 00:00 0 
7f2df75fa000-7f2dfc361000 ---p 00000000 00:00 0 
7f2dfc361000-7f2dfd491000 rwxp 00000000 00:00 0 
7f2dfd491000-7f2e03899000 ---p 00000000 00:00 0 
7f2e03899000-7f2e0c000000 r--s 00000000 08:06 43387533                   /usr/lib/jvm/java-11-openjdk-amd64/lib/modules
7f2e0c000000-7f2e0c5c8000 rw-p 00000000 00:00 0 
7f2e0c5c8000-7f2e10000000 ---p 00000000 00:00 0 
7f2e10001000-7f2e10002000 r--s 00000000 08:06 58331226                   /home/nclsbayona/.vscode/extensions/vscjava.vscode-maven-0.25.0/resources/IndexData/index/_s.cfs
7f2e10003000-7f2e10005000 r--s 00000000 08:06 58329999                   /home/nclsbayona/.vscode/extensions/vscjava.vscode-maven-0.25.0/resources/IndexData/index/_o.cfs
7f2e10005000-7f2e10007000 r--p 00000000 08:06 43387521                   /usr/lib/jvm/java-11-openjdk-amd64/lib/libmanagement_ext.so
7f2e10007000-7f2e1000a000 r-xp 00002000 08:06 43387521                   /usr/lib/jvm/java-11-openjdk-amd64/lib/libmanagement_ext.so
7f2e1000a000-7f2e1000b000 r--p 00005000 08:06 43387521                   /usr/lib/jvm/java-11-openjdk-amd64/lib/libmanagement_ext.so
7f2e1000b000-7f2e1000c000 ---p 00006000 08:06 43387521                   /usr/lib/jvm/java-11-openjdk-amd64/lib/libmanagement_ext.so
7f2e1000c000-7f2e1000d000 r--p 00006000 08:06 43387521                   /usr/lib/jvm/java-11-openjdk-amd64/lib/libmanagement_ext.so
7f2e1000d000-7f2e1000e000 rw-p 00007000 08:06 43387521                   /usr/lib/jvm/java-11-openjdk-amd64/lib/libmanagement_ext.so
7f2e1000e000-7f2e10010000 r--p 00000000 08:06 41421791                   /usr/lib/x86_64-linux-gnu/libnss_dns-2.31.so
7f2e10010000-7f2e10014000 r-xp 00002000 08:06 41421791                   /usr/lib/x86_64-linux-gnu/libnss_dns-2.31.so
7f2e10014000-7f2e10015000 r--p 00006000 08:06 41421791                   /usr/lib/x86_64-linux-gnu/libnss_dns-2.31.so
7f2e10015000-7f2e10016000 r--p 00006000 08:06 41421791                   /usr/lib/x86_64-linux-gnu/libnss_dns-2.31.so
7f2e10016000-7f2e10017000 rw-p 00007000 08:06 41421791                   /usr/lib/x86_64-linux-gnu/libnss_dns-2.31.so
7f2e10017000-7f2e10018000 r--p 00000000 08:06 41427912                   /usr/lib/x86_64-linux-gnu/libnss_mdns4_minimal.so.2
7f2e10018000-7f2e1001a000 r-xp 00001000 08:06 41427912                   /usr/lib/x86_64-linux-gnu/libnss_mdns4_minimal.so.2
7f2e1001a000-7f2e1001b000 r--p 00003000 08:06 41427912                   /usr/lib/x86_64-linux-gnu/libnss_mdns4_minimal.so.2
7f2e1001b000-7f2e1001c000 r--p 00003000 08:06 41427912                   /usr/lib/x86_64-linux-gnu/libnss_mdns4_minimal.so.2
7f2e1001c000-7f2e1001d000 rw-p 00004000 08:06 41427912                   /usr/lib/x86_64-linux-gnu/libnss_mdns4_minimal.so.2
7f2e1001d000-7f2e10023000 r--s 00000000 08:06 58329992                   /home/nclsbayona/.vscode/extensions/vscjava.vscode-maven-0.25.0/resources/IndexData/index/_l.nvd
7f2e10023000-7f2e10026000 r--p 00000000 08:06 43387519                   /usr/lib/jvm/java-11-openjdk-amd64/lib/libmanagement.so
7f2e10026000-7f2e10027000 r-xp 00003000 08:06 43387519                   /usr/lib/jvm/java-11-openjdk-amd64/lib/libmanagement.so
7f2e10027000-7f2e10028000 r--p 00004000 08:06 43387519                   /usr/lib/jvm/java-11-openjdk-amd64/lib/libmanagement.so
7f2e10028000-7f2e10029000 r--p 00004000 08:06 43387519                   /usr/lib/jvm/java-11-openjdk-amd64/lib/libmanagement.so
7f2e10029000-7f2e1002a000 rw-p 00005000 08:06 43387519                   /usr/lib/jvm/java-11-openjdk-amd64/lib/libmanagement.so
7f2e1002a000-7f2e1002b000 r--p 00000000 08:06 43387504                   /usr/lib/jvm/java-11-openjdk-amd64/lib/libextnet.so
7f2e1002b000-7f2e1002c000 r-xp 00001000 08:06 43387504                   /usr/lib/jvm/java-11-openjdk-amd64/lib/libextnet.so
7f2e1002c000-7f2e1002d000 r--p 00002000 08:06 43387504                   /usr/lib/jvm/java-11-openjdk-amd64/lib/libextnet.so
7f2e1002d000-7f2e1002e000 r--p 00002000 08:06 43387504                   /usr/lib/jvm/java-11-openjdk-amd64/lib/libextnet.so
7f2e1002e000-7f2e1002f000 rw-p 00003000 08:06 43387504                   /usr/lib/jvm/java-11-openjdk-amd64/lib/libextnet.so
7f2e1002f000-7f2e10033000 ---p 00000000 00:00 0 
7f2e10033000-7f2e10051000 rw-p 00000000 00:00 0 
7f2e10051000-7f2e10055000 r--p 00000000 08:06 43387523                   /usr/lib/jvm/java-11-openjdk-amd64/lib/libnet.so
7f2e10055000-7f2e10064000 r-xp 00004000 08:06 43387523                   /usr/lib/jvm/java-11-openjdk-amd64/lib/libnet.so
7f2e10064000-7f2e10068000 r--p 00013000 08:06 43387523                   /usr/lib/jvm/java-11-openjdk-amd64/lib/libnet.so
7f2e10068000-7f2e10069000 r--p 00016000 08:06 43387523                   /usr/lib/jvm/java-11-openjdk-amd64/lib/libnet.so
7f2e10069000-7f2e1006a000 rw-p 00017000 08:06 43387523                   /usr/lib/jvm/java-11-openjdk-amd64/lib/libnet.so
7f2e1006a000-7f2e10071000 r--p 00000000 08:06 43387524                   /usr/lib/jvm/java-11-openjdk-amd64/lib/libnio.so
7f2e10071000-7f2e10079000 r-xp 00007000 08:06 43387524                   /usr/lib/jvm/java-11-openjdk-amd64/lib/libnio.so
7f2e10079000-7f2e1007c000 r--p 0000f000 08:06 43387524                   /usr/lib/jvm/java-11-openjdk-amd64/lib/libnio.so
7f2e1007c000-7f2e1007d000 r--p 00011000 08:06 43387524                   /usr/lib/jvm/java-11-openjdk-amd64/lib/libnio.so
7f2e1007d000-7f2e1007e000 rw-p 00012000 08:06 43387524                   /usr/lib/jvm/java-11-openjdk-amd64/lib/libnio.so
7f2e1007e000-7f2e10190000 rw-p 00000000 00:00 0 
7f2e10190000-7f2e10243000 ---p 00000000 00:00 0 
7f2e10243000-7f2e102e6000 rw-p 00000000 00:00 0 
7f2e102e6000-7f2e10398000 ---p 00000000 00:00 0 
7f2e10398000-7f2e1039f000 rw-p 00000000 00:00 0 
7f2e1039f000-7f2e10443000 ---p 00000000 00:00 0 
7f2e10443000-7f2e10467000 rw-p 00000000 00:00 0 
7f2e10467000-7f2e1052f000 ---p 00000000 00:00 0 
7f2e1052f000-7f2e1057f000 rw-p 00000000 00:00 0 
7f2e1057f000-7f2e1061a000 ---p 00000000 00:00 0 
7f2e1061a000-7f2e1061f000 rw-p 00000000 00:00 0 
7f2e1061f000-7f2e10626000 ---p 00000000 00:00 0 
7f2e10626000-7f2e10628000 r--s 0000c000 08:06 42340697                   /usr/share/java/java-atk-wrapper.jar
7f2e10628000-7f2e1062b000 r--p 00000000 08:06 41421792                   /usr/lib/x86_64-linux-gnu/libnss_files-2.31.so
7f2e1062b000-7f2e10632000 r-xp 00003000 08:06 41421792                   /usr/lib/x86_64-linux-gnu/libnss_files-2.31.so
7f2e10632000-7f2e10634000 r--p 0000a000 08:06 41421792                   /usr/lib/x86_64-linux-gnu/libnss_files-2.31.so
7f2e10634000-7f2e10635000 r--p 0000b000 08:06 41421792                   /usr/lib/x86_64-linux-gnu/libnss_files-2.31.so
7f2e10635000-7f2e10636000 rw-p 0000c000 08:06 41421792                   /usr/lib/x86_64-linux-gnu/libnss_files-2.31.so
7f2e10636000-7f2e1063c000 rw-p 00000000 00:00 0 
7f2e1063c000-7f2e1063e000 r--p 00000000 08:06 43387532                   /usr/lib/jvm/java-11-openjdk-amd64/lib/libzip.so
7f2e1063e000-7f2e10642000 r-xp 00002000 08:06 43387532                   /usr/lib/jvm/java-11-openjdk-amd64/lib/libzip.so
7f2e10642000-7f2e10644000 r--p 00006000 08:06 43387532                   /usr/lib/jvm/java-11-openjdk-amd64/lib/libzip.so
7f2e10644000-7f2e10645000 r--p 00007000 08:06 43387532                   /usr/lib/jvm/java-11-openjdk-amd64/lib/libzip.so
7f2e10645000-7f2e10646000 rw-p 00008000 08:06 43387532                   /usr/lib/jvm/java-11-openjdk-amd64/lib/libzip.so
7f2e10646000-7f2e1064e000 rw-s 00000000 08:06 19791959                   /tmp/hsperfdata_nclsbayona/43003
7f2e1064e000-7f2e1064f000 ---p 00000000 00:00 0 
7f2e1064f000-7f2e10650000 r--p 00000000 00:00 0 
7f2e10650000-7f2e10652000 r--p 00000000 08:06 43387515                   /usr/lib/jvm/java-11-openjdk-amd64/lib/libjimage.so
7f2e10652000-7f2e10655000 r-xp 00002000 08:06 43387515                   /usr/lib/jvm/java-11-openjdk-amd64/lib/libjimage.so
7f2e10655000-7f2e10656000 r--p 00005000 08:06 43387515                   /usr/lib/jvm/java-11-openjdk-amd64/lib/libjimage.so
7f2e10656000-7f2e10657000 ---p 00006000 08:06 43387515                   /usr/lib/jvm/java-11-openjdk-amd64/lib/libjimage.so
7f2e10657000-7f2e10658000 r--p 00006000 08:06 43387515                   /usr/lib/jvm/java-11-openjdk-amd64/lib/libjimage.so
7f2e10658000-7f2e10659000 rw-p 00007000 08:06 43387515                   /usr/lib/jvm/java-11-openjdk-amd64/lib/libjimage.so
7f2e10659000-7f2e10667000 r--p 00000000 08:06 43387511                   /usr/lib/jvm/java-11-openjdk-amd64/lib/libjava.so
7f2e10667000-7f2e1067d000 r-xp 0000e000 08:06 43387511                   /usr/lib/jvm/java-11-openjdk-amd64/lib/libjava.so
7f2e1067d000-7f2e10684000 r--p 00024000 08:06 43387511                   /usr/lib/jvm/java-11-openjdk-amd64/lib/libjava.so
7f2e10684000-7f2e10685000 r--p 0002a000 08:06 43387511                   /usr/lib/jvm/java-11-openjdk-amd64/lib/libjava.so
7f2e10685000-7f2e10686000 rw-p 0002b000 08:06 43387511                   /usr/lib/jvm/java-11-openjdk-amd64/lib/libjava.so
7f2e10686000-7f2e10687000 rw-p 00000000 00:00 0 
7f2e10687000-7f2e1068a000 r--p 00000000 08:06 41421799                   /usr/lib/x86_64-linux-gnu/librt-2.31.so
7f2e1068a000-7f2e1068e000 r-xp 00003000 08:06 41421799                   /usr/lib/x86_64-linux-gnu/librt-2.31.so
7f2e1068e000-7f2e1068f000 r--p 00007000 08:06 41421799                   /usr/lib/x86_64-linux-gnu/librt-2.31.so
7f2e1068f000-7f2e10690000 ---p 00008000 08:06 41421799                   /usr/lib/x86_64-linux-gnu/librt-2.31.so
7f2e10690000-7f2e10691000 r--p 00008000 08:06 41421799                   /usr/lib/x86_64-linux-gnu/librt-2.31.so
7f2e10691000-7f2e10692000 rw-p 00009000 08:06 41421799                   /usr/lib/x86_64-linux-gnu/librt-2.31.so
7f2e10692000-7f2e10696000 ---p 00000000 00:00 0 
7f2e10696000-7f2e10793000 rw-p 00000000 00:00 0 
7f2e10793000-7f2e10796000 r--p 00000000 08:06 41421773                   /usr/lib/x86_64-linux-gnu/libgcc_s.so.1
7f2e10796000-7f2e107a8000 r-xp 00003000 08:06 41421773                   /usr/lib/x86_64-linux-gnu/libgcc_s.so.1
7f2e107a8000-7f2e107ac000 r--p 00015000 08:06 41421773                   /usr/lib/x86_64-linux-gnu/libgcc_s.so.1
7f2e107ac000-7f2e107ad000 r--p 00018000 08:06 41421773                   /usr/lib/x86_64-linux-gnu/libgcc_s.so.1
7f2e107ad000-7f2e107ae000 rw-p 00019000 08:06 41421773                   /usr/lib/x86_64-linux-gnu/libgcc_s.so.1
7f2e107ae000-7f2e107bd000 r--p 00000000 08:06 41421786                   /usr/lib/x86_64-linux-gnu/libm-2.31.so
7f2e107bd000-7f2e10864000 r-xp 0000f000 08:06 41421786                   /usr/lib/x86_64-linux-gnu/libm-2.31.so
7f2e10864000-7f2e108fb000 r--p 000b6000 08:06 41421786                   /usr/lib/x86_64-linux-gnu/libm-2.31.so
7f2e108fb000-7f2e108fc000 r--p 0014c000 08:06 41421786                   /usr/lib/x86_64-linux-gnu/libm-2.31.so
7f2e108fc000-7f2e108fd000 rw-p 0014d000 08:06 41421786                   /usr/lib/x86_64-linux-gnu/libm-2.31.so
7f2e108fd000-7f2e10993000 r--p 00000000 08:06 41421778                   /usr/lib/x86_64-linux-gnu/libstdc++.so.6.0.28
7f2e10993000-7f2e10a83000 r-xp 00096000 08:06 41421778                   /usr/lib/x86_64-linux-gnu/libstdc++.so.6.0.28
7f2e10a83000-7f2e10acc000 r--p 00186000 08:06 41421778                   /usr/lib/x86_64-linux-gnu/libstdc++.so.6.0.28
7f2e10acc000-7f2e10acd000 ---p 001cf000 08:06 41421778                   /usr/lib/x86_64-linux-gnu/libstdc++.so.6.0.28
7f2e10acd000-7f2e10ad8000 r--p 001cf000 08:06 41421778                   /usr/lib/x86_64-linux-gnu/libstdc++.so.6.0.28
7f2e10ad8000-7f2e10adb000 rw-p 001da000 08:06 41421778                   /usr/lib/x86_64-linux-gnu/libstdc++.so.6.0.28
7f2e10adb000-7f2e10ade000 rw-p 00000000 00:00 0 
7f2e10ade000-7f2e10d57000 r--p 00000000 08:06 43516812                   /usr/lib/jvm/java-11-openjdk-amd64/lib/server/libjvm.so
7f2e10d57000-7f2e119d4000 r-xp 00279000 08:06 43516812                   /usr/lib/jvm/java-11-openjdk-amd64/lib/server/libjvm.so
7f2e119d4000-7f2e11c2a000 r--p 00ef6000 08:06 43516812                   /usr/lib/jvm/java-11-openjdk-amd64/lib/server/libjvm.so
7f2e11c2a000-7f2e11ceb000 r--p 0114b000 08:06 43516812                   /usr/lib/jvm/java-11-openjdk-amd64/lib/server/libjvm.so
7f2e11ceb000-7f2e11d26000 rw-p 0120c000 08:06 43516812                   /usr/lib/jvm/java-11-openjdk-amd64/lib/server/libjvm.so
7f2e11d26000-7f2e11d7f000 rw-p 00000000 00:00 0 
7f2e11d7f000-7f2e11d86000 r--p 00000000 08:06 41421797                   /usr/lib/x86_64-linux-gnu/libpthread-2.31.so
7f2e11d86000-7f2e11d97000 r-xp 00007000 08:06 41421797                   /usr/lib/x86_64-linux-gnu/libpthread-2.31.so
7f2e11d97000-7f2e11d9c000 r--p 00018000 08:06 41421797                   /usr/lib/x86_64-linux-gnu/libpthread-2.31.so
7f2e11d9c000-7f2e11d9d000 r--p 0001c000 08:06 41421797                   /usr/lib/x86_64-linux-gnu/libpthread-2.31.so
7f2e11d9d000-7f2e11d9e000 rw-p 0001d000 08:06 41421797                   /usr/lib/x86_64-linux-gnu/libpthread-2.31.so
7f2e11d9e000-7f2e11da2000 rw-p 00000000 00:00 0 
7f2e11da2000-7f2e11da3000 r--p 00000000 08:06 41421785                   /usr/lib/x86_64-linux-gnu/libdl-2.31.so
7f2e11da3000-7f2e11da5000 r-xp 00001000 08:06 41421785                   /usr/lib/x86_64-linux-gnu/libdl-2.31.so
7f2e11da5000-7f2e11da6000 r--p 00003000 08:06 41421785                   /usr/lib/x86_64-linux-gnu/libdl-2.31.so
7f2e11da6000-7f2e11da7000 r--p 00003000 08:06 41421785                   /usr/lib/x86_64-linux-gnu/libdl-2.31.so
7f2e11da7000-7f2e11da8000 rw-p 00004000 08:06 41421785                   /usr/lib/x86_64-linux-gnu/libdl-2.31.so
7f2e11da8000-7f2e11daa000 r--p 00000000 08:06 41418986                   /usr/lib/x86_64-linux-gnu/libz.so.1.2.11
7f2e11daa000-7f2e11dbb000 r-xp 00002000 08:06 41418986                   /usr/lib/x86_64-linux-gnu/libz.so.1.2.11
7f2e11dbb000-7f2e11dc1000 r--p 00013000 08:06 41418986                   /usr/lib/x86_64-linux-gnu/libz.so.1.2.11
7f2e11dc1000-7f2e11dc2000 ---p 00019000 08:06 41418986                   /usr/lib/x86_64-linux-gnu/libz.so.1.2.11
7f2e11dc2000-7f2e11dc3000 r--p 00019000 08:06 41418986                   /usr/lib/x86_64-linux-gnu/libz.so.1.2.11
7f2e11dc3000-7f2e11dc4000 rw-p 0001a000 08:06 41418986                   /usr/lib/x86_64-linux-gnu/libz.so.1.2.11
7f2e11dc4000-7f2e11de9000 r--p 00000000 08:06 41421784                   /usr/lib/x86_64-linux-gnu/libc-2.31.so
7f2e11de9000-7f2e11f61000 r-xp 00025000 08:06 41421784                   /usr/lib/x86_64-linux-gnu/libc-2.31.so
7f2e11f61000-7f2e11fab000 r--p 0019d000 08:06 41421784                   /usr/lib/x86_64-linux-gnu/libc-2.31.so
7f2e11fab000-7f2e11fac000 ---p 001e7000 08:06 41421784                   /usr/lib/x86_64-linux-gnu/libc-2.31.so
7f2e11fac000-7f2e11faf000 r--p 001e7000 08:06 41421784                   /usr/lib/x86_64-linux-gnu/libc-2.31.so
7f2e11faf000-7f2e11fb2000 rw-p 001ea000 08:06 41421784                   /usr/lib/x86_64-linux-gnu/libc-2.31.so
7f2e11fb2000-7f2e11fb6000 rw-p 00000000 00:00 0 
7f2e11fb6000-7f2e11fbb000 r--p 00000000 08:06 43387531                   /usr/lib/jvm/java-11-openjdk-amd64/lib/libverify.so
7f2e11fbb000-7f2e11fc2000 r-xp 00005000 08:06 43387531                   /usr/lib/jvm/java-11-openjdk-amd64/lib/libverify.so
7f2e11fc2000-7f2e11fc4000 r--p 0000c000 08:06 43387531                   /usr/lib/jvm/java-11-openjdk-amd64/lib/libverify.so
7f2e11fc4000-7f2e11fc5000 ---p 0000e000 08:06 43387531                   /usr/lib/jvm/java-11-openjdk-amd64/lib/libverify.so
7f2e11fc5000-7f2e11fc7000 r--p 0000e000 08:06 43387531                   /usr/lib/jvm/java-11-openjdk-amd64/lib/libverify.so
7f2e11fc7000-7f2e11fc8000 rw-p 00010000 08:06 43387531                   /usr/lib/jvm/java-11-openjdk-amd64/lib/libverify.so
7f2e11fc8000-7f2e11fcb000 r--p 00000000 08:06 43387495                   /usr/lib/jvm/java-11-openjdk-amd64/lib/jli/libjli.so
7f2e11fcb000-7f2e11fd5000 r-xp 00003000 08:06 43387495                   /usr/lib/jvm/java-11-openjdk-amd64/lib/jli/libjli.so
7f2e11fd5000-7f2e11fd8000 r--p 0000d000 08:06 43387495                   /usr/lib/jvm/java-11-openjdk-amd64/lib/jli/libjli.so
7f2e11fd8000-7f2e11fd9000 ---p 00010000 08:06 43387495                   /usr/lib/jvm/java-11-openjdk-amd64/lib/jli/libjli.so
7f2e11fd9000-7f2e11fda000 r--p 00010000 08:06 43387495                   /usr/lib/jvm/java-11-openjdk-amd64/lib/jli/libjli.so
7f2e11fda000-7f2e11fdb000 rw-p 00011000 08:06 43387495                   /usr/lib/jvm/java-11-openjdk-amd64/lib/jli/libjli.so
7f2e11fdb000-7f2e11fdd000 rw-p 00000000 00:00 0 
7f2e11fdd000-7f2e11fde000 r--p 00000000 08:06 41421780                   /usr/lib/x86_64-linux-gnu/ld-2.31.so
7f2e11fde000-7f2e12001000 r-xp 00001000 08:06 41421780                   /usr/lib/x86_64-linux-gnu/ld-2.31.so
7f2e12001000-7f2e12009000 r--p 00024000 08:06 41421780                   /usr/lib/x86_64-linux-gnu/ld-2.31.so
7f2e12009000-7f2e1200a000 r--s 00000000 08:06 58329996                   /home/nclsbayona/.vscode/extensions/vscjava.vscode-maven-0.25.0/resources/IndexData/index/_n.cfs
7f2e1200a000-7f2e1200b000 r--p 0002c000 08:06 41421780                   /usr/lib/x86_64-linux-gnu/ld-2.31.so
7f2e1200b000-7f2e1200c000 rw-p 0002d000 08:06 41421780                   /usr/lib/x86_64-linux-gnu/ld-2.31.so
7f2e1200c000-7f2e1200d000 rw-p 00000000 00:00 0 
7fff2d51d000-7fff2d53e000 rw-p 00000000 00:00 0                          [stack]
7fff2d5db000-7fff2d5df000 r--p 00000000 00:00 0                          [vvar]
7fff2d5df000-7fff2d5e1000 r-xp 00000000 00:00 0                          [vdso]
ffffffffff600000-ffffffffff601000 --xp 00000000 00:00 0                  [vsyscall]


VM Arguments:
jvm_args: --add-modules=ALL-SYSTEM --add-opens=java.base/java.util=ALL-UNNAMED --add-opens=java.base/java.lang=ALL-UNNAMED -Declipse.application=org.eclipse.jdt.ls.core.id1 -Dosgi.bundles.defaultStartLevel=4 -Declipse.product=org.eclipse.jdt.ls.core.product -Dfile.encoding=utf8 -XX:+UseParallelGC -XX:GCTimeRatio=4 -XX:AdaptiveSizePolicyWeight=90 -Dsun.zip.disableMemoryMapping=true -Xmx1G -Xms100m -Xverify:none 
java_command: /home/nclsbayona/.vscode/extensions/redhat.java-0.71.0/server/plugins/org.eclipse.equinox.launcher_1.6.0.v20200915-1508.jar -configuration /home/nclsbayona/.config/Code/User/globalStorage/redhat.java/0.71.0/config_linux -data /home/nclsbayona/.config/Code/User/workspaceStorage/3344adf358d985450ec123a92e3dfa0e/redhat.java/jdt_ws
java_class_path (initial): /home/nclsbayona/.vscode/extensions/redhat.java-0.71.0/server/plugins/org.eclipse.equinox.launcher_1.6.0.v20200915-1508.jar
Launcher Type: SUN_STANDARD

[Global flags]
    uintx AdaptiveSizePolicyWeight                 = 90                                        {product} {command line}
     bool BytecodeVerificationLocal                = false                                     {product} {command line}
     bool BytecodeVerificationRemote               = false                                     {product} {command line}
     intx CICompilerCount                          = 4                                         {product} {ergonomic}
    uintx GCTimeRatio                              = 4                                         {product} {command line}
   size_t InitialHeapSize                          = 104857600                                 {product} {command line}
   size_t MaxHeapSize                              = 1073741824                                {product} {command line}
   size_t MaxNewSize                               = 357564416                                 {product} {ergonomic}
   size_t MinHeapDeltaBytes                        = 524288                                    {product} {ergonomic}
   size_t NewSize                                  = 34603008                                  {product} {ergonomic}
    uintx NonNMethodCodeHeapSize                   = 5836300                                {pd product} {ergonomic}
    uintx NonProfiledCodeHeapSize                  = 122910970                              {pd product} {ergonomic}
   size_t OldSize                                  = 70254592                                  {product} {ergonomic}
    uintx ProfiledCodeHeapSize                     = 122910970                              {pd product} {ergonomic}
    uintx ReservedCodeCacheSize                    = 251658240                              {pd product} {ergonomic}
     bool SegmentedCodeCache                       = true                                      {product} {ergonomic}
     bool UseCompressedClassPointers               = true                                 {lp64_product} {ergonomic}
     bool UseCompressedOops                        = true                                 {lp64_product} {ergonomic}
     bool UseParallelGC                            = true                                      {product} {command line}

Logging:
Log output configuration:
 #0: stdout all=warning uptime,level,tags
 #1: stderr all=off uptime,level,tags

Environment Variables:
JAVA_HOME=/usr/lib/jvm/java-11-openjdk-amd64
PATH=/usr/bin/gradle/bin:/usr/bin/maven/bin:/usr/bin/gradle/bin:/usr/bin/maven/bin:/usr/local/sbin:/usr/local/bin:/usr/sbin:/usr/bin:/sbin:/bin:/usr/games:/usr/local/games:/snap/bin
SHELL=/bin/bash
DISPLAY=:0
LANG=en_US.UTF-8

Signal Handlers:
SIGSEGV: [libjvm.so+0xe824c0], sa_mask[0]=11111111011111111101111111111110, sa_flags=SA_RESTART|SA_SIGINFO
SIGBUS: [libjvm.so+0xe824c0], sa_mask[0]=11111111011111111101111111111110, sa_flags=SA_RESTART|SA_SIGINFO
SIGFPE: [libjvm.so+0xe824c0], sa_mask[0]=11111111011111111101111111111110, sa_flags=SA_RESTART|SA_SIGINFO
SIGPIPE: [libjvm.so+0xbc8ee0], sa_mask[0]=11111111011111111101111111111110, sa_flags=SA_RESTART|SA_SIGINFO
SIGXFSZ: [libjvm.so+0xbc8ee0], sa_mask[0]=11111111011111111101111111111110, sa_flags=SA_RESTART|SA_SIGINFO
SIGILL: [libjvm.so+0xe824c0], sa_mask[0]=11111111011111111101111111111110, sa_flags=SA_RESTART|SA_SIGINFO
SIGUSR2: [libjvm.so+0xbc8d80], sa_mask[0]=00000000000000000000000000000000, sa_flags=SA_RESTART|SA_SIGINFO
SIGHUP: [libjvm.so+0xbc9220], sa_mask[0]=11111111011111111101111111111110, sa_flags=SA_RESTART|SA_SIGINFO
SIGINT: [libjvm.so+0xbc9220], sa_mask[0]=11111111011111111101111111111110, sa_flags=SA_RESTART|SA_SIGINFO
SIGTERM: [libjvm.so+0xbc9220], sa_mask[0]=11111111011111111101111111111110, sa_flags=SA_RESTART|SA_SIGINFO
SIGQUIT: [libjvm.so+0xbc9220], sa_mask[0]=11111111011111111101111111111110, sa_flags=SA_RESTART|SA_SIGINFO


---------------  S Y S T E M  ---------------

OS:DISTRIB_ID=Ubuntu
DISTRIB_RELEASE=20.04
DISTRIB_CODENAME=focal
DISTRIB_DESCRIPTION="Ubuntu 20.04.1 LTS"
uname:Linux 5.9.0-050900-generic #202010112230 SMP Sun Oct 11 22:34:01 UTC 2020 x86_64
OS uptime: 0 days 6:10 hours
libc:glibc 2.31 NPTL 2.31 
rlimit (soft/hard): STACK 8192k/infinity , CORE 0k/infinity , NPROC 79340/79340 , NOFILE 1048576/1048576 , AS infinity/infinity , CPU infinity/infinity , DATA infinity/infinity , FSIZE infinity/infinity , MEMLOCK 65536k/65536k
load average:1,41 0,81 0,70

/proc/meminfo:
MemTotal:       20400352 kB
MemFree:         9741544 kB
MemAvailable:   16223440 kB
Buffers:          474072 kB
Cached:          6034236 kB
SwapCached:            0 kB
Active:          2355104 kB
Inactive:        7035456 kB
Active(anon):      18308 kB
Inactive(anon):  3280656 kB
Active(file):    2336796 kB
Inactive(file):  3754800 kB
Unevictable:      267580 kB
Mlocked:              48 kB
SwapTotal:       2097148 kB
SwapFree:        2097148 kB
Dirty:              1140 kB
Writeback:             0 kB
AnonPages:       3149860 kB
Mapped:           930856 kB
Shmem:            520628 kB
KReclaimable:     760984 kB
Slab:             874444 kB
SReclaimable:     760984 kB
SUnreclaim:       113460 kB
KernelStack:       16304 kB
PageTables:        30236 kB
NFS_Unstable:          0 kB
Bounce:                0 kB
WritebackTmp:          0 kB
CommitLimit:    12297324 kB
Committed_AS:    8945016 kB
VmallocTotal:   34359738367 kB
VmallocUsed:       33652 kB
VmallocChunk:          0 kB
Percpu:             7008 kB
HardwareCorrupted:     0 kB
AnonHugePages:         0 kB
ShmemHugePages:        0 kB
ShmemPmdMapped:        0 kB
FileHugePages:         0 kB
FilePmdMapped:         0 kB
HugePages_Total:       0
HugePages_Free:        0
HugePages_Rsvd:        0
HugePages_Surp:        0
Hugepagesize:       2048 kB
Hugetlb:               0 kB
DirectMap4k:      321144 kB
DirectMap2M:    12165120 kB
DirectMap1G:     8388608 kB

/sys/kernel/mm/transparent_hugepage/enabled:
always [madvise] never
/sys/kernel/mm/transparent_hugepage/defrag (defrag/compaction efforts parameter):
always defer defer+madvise [madvise] never

/proc/sys/kernel/threads-max (system-wide limit on the number of threads):
158680
/proc/sys/vm/max_map_count (maximum number of memory map areas a process may have):
65530
/proc/sys/kernel/pid_max (system-wide limit on number of process identifiers):
4194304

container (cgroup) information:
container_type: cgroupv1
cpu_cpuset_cpus: 0-7
cpu_memory_nodes: 0
active_processor_count: 8
cpu_quota: -1
cpu_period: 100000
cpu_shares: -1
memory_limit_in_bytes: -1
memory_and_swap_limit_in_bytes: -1
memory_soft_limit_in_bytes: -1
memory_usage_in_bytes: 9258696704
memory_max_usage_in_bytes: 9805983744

Steal ticks since vm start: 0
Steal ticks percentage since vm start:  0,000

CPU:total 8 (initial active 8) (4 cores per cpu, 2 threads per core) family 6 model 142 stepping 10, cmov, cx8, fxsr, mmx, sse, sse2, sse3, ssse3, sse4.1, sse4.2, popcnt, avx, avx2, aes, clmul, erms, 3dnowpref, lzcnt, ht, tsc, tscinvbit, bmi1, bmi2, adx, fma
CPU Model and flags from /proc/cpuinfo:
model name	: Intel(R) Core(TM) i5-8250U CPU @ 1.60GHz
flags		: fpu vme de pse tsc msr pae mce cx8 apic sep mtrr pge mca cmov pat pse36 clflush dts acpi mmx fxsr sse sse2 ss ht tm pbe syscall nx pdpe1gb rdtscp lm constant_tsc art arch_perfmon pebs bts rep_good nopl xtopology nonstop_tsc cpuid aperfmperf pni pclmulqdq dtes64 monitor ds_cpl vmx est tm2 ssse3 sdbg fma cx16 xtpr pdcm pcid sse4_1 sse4_2 x2apic movbe popcnt tsc_deadline_timer aes xsave avx f16c rdrand lahf_lm abm 3dnowprefetch cpuid_fault epb invpcid_single pti ssbd ibrs ibpb stibp tpr_shadow vnmi flexpriority ept vpid ept_ad fsgsbase tsc_adjust bmi1 avx2 smep bmi2 erms invpcid mpx rdseed adx smap clflushopt intel_pt xsaveopt xsavec xgetbv1 xsaves dtherm ida arat pln pts hwp hwp_notify hwp_act_window hwp_epp md_clear flush_l1d
Online cpus:
0-7
Offline cpus:

BIOS frequency limitation:
<Not Available>
Frequency switch latency (ns):
0
Available cpu frequencies:
<Not Available>
Current governor:
powersave
Core performance/turbo boost:
<Not Available>

Memory: 4k page, physical 20400352k(9741544k free), swap 2097148k(2097148k free)

vm_info: OpenJDK 64-Bit Server VM (11.0.9.1+1-Ubuntu-0ubuntu1.20.04) for linux-amd64 JRE (11.0.9.1+1-Ubuntu-0ubuntu1.20.04), built on Nov 10 2020 04:18:42 by "unknown" with gcc 9.3.0

END.
