#
# There is insufficient memory for the Java Runtime Environment to continue.
# Native memory allocation (mmap) failed to map 67108864 bytes for Failed to commit area from 0x00000000c1c00000 to 0x00000000c5c00000 of length 67108864.
# Possible reasons:
#   The system is out of physical RAM or swap space
#   The process is running with CompressedOops enabled, and the Java Heap may be blocking the growth of the native heap
# Possible solutions:
#   Reduce memory load on the system
#   Increase physical memory or swap space
#   Check if swap backing store is full
#   Decrease Java heap size (-Xmx/-Xms)
#   Decrease number of Java threads
#   Decrease Java thread stack sizes (-Xss)
#   Set larger code cache with -XX:ReservedCodeCacheSize=
#   JVM is running with Unscaled Compressed Oops mode in which the Java heap is
#     placed in the first 4GB address space. The Java Heap base address is the
#     maximum limit for the native heap growth. Please use -XX:HeapBaseMinAddress
#     to set the Java Heap base and to place the Java Heap above 4GB virtual address.
# This output file may be truncated or incomplete.
#
#  Out of Memory Error (./open/src/hotspot/os/windows/os_windows.cpp:3315), pid=4828, tid=4996
#
# JRE version:  (14.0.2+12) (build )
# Java VM: OpenJDK 64-Bit Server VM (14.0.2+12-46, mixed mode, sharing, tiered, compressed oops, g1 gc, windows-amd64)
# No core dump will be written. Minidumps are not enabled by default on client versions of Windows
#

---------------  S U M M A R Y ------------

Command Line: -Dfile.encoding=UTF-8 -XX:+ShowCodeDetailsInExceptionMessages poo.project.View.PantallaGaleria

Host: Intel(R) Core(TM) i5-8250U CPU @ 1.60GHz, 8 cores, 3G,  Windows 10 , 64 bit Build 19041 (10.0.19041.292)
Time: Wed Sep 23 23:43:29 2020 SA Pacific Standard Time elapsed time: 0 seconds (0d 0h 0m 0s)

---------------  T H R E A D  ---------------

Current thread (0x000001db02116000):  JavaThread "Unknown thread" [_thread_in_vm, id=4996, stack(0x00000033ff200000,0x00000033ff300000)]

Stack: [0x00000033ff200000,0x00000033ff300000]
Native frames: (J=compiled Java code, j=interpreted, Vv=VM code, C=native code)
V  [jvm.dll+0x5f8a9a]
V  [jvm.dll+0x74247a]
V  [jvm.dll+0x743c2f]
V  [jvm.dll+0x744273]
V  [jvm.dll+0x20d288]
V  [jvm.dll+0x5f5dea]
V  [jvm.dll+0x5eac45]
V  [jvm.dll+0x2c7e9c]
V  [jvm.dll+0x2c7cd2]
V  [jvm.dll+0x2cdbbc]
V  [jvm.dll+0x313fe8]
V  [jvm.dll+0x313710]
V  [jvm.dll+0x2a092a]
V  [jvm.dll+0x2a1a79]
V  [jvm.dll+0x71fd48]
V  [jvm.dll+0x321c14]
V  [jvm.dll+0x70112c]
V  [jvm.dll+0x392def]
V  [jvm.dll+0x394e61]
C  [jli.dll+0x524b]
C  [ucrtbase.dll+0x214c2]
C  [KERNEL32.DLL+0x16fd4]
C  [ntdll.dll+0x4cec1]


---------------  P R O C E S S  ---------------

Threads class SMR info:
_java_thread_list=0x00007ff90dfb3038, length=0, elements={
}

Java Threads: ( => current thread )

Other Threads:
  0x000001db02146000 GCTaskThread "GC Thread#0" [stack: 0x00000033ff300000,0x00000033ff400000] [id=9896]
  0x000001db02151800 ConcurrentGCThread "G1 Main Marker" [stack: 0x00000033ff400000,0x00000033ff500000] [id=14124]
  0x000001db02154800 ConcurrentGCThread "G1 Conc#0" [stack: 0x00000033ff500000,0x00000033ff600000] [id=13776]

[error occurred during error reporting (printing all threads), id 0xc0000005, EXCEPTION_ACCESS_VIOLATION (0xc0000005) at pc=0x00007ff90d7e1257]

VM state:not at safepoint (not fully initialized)

VM Mutex/Monitor currently owned by a thread:  ([mutex/lock_event])
[0x000001db02112b20] Heap_lock - owner thread: 0x000001db02116000

Heap address: 0x00000000c1c00000, size: 996 MB, Compressed Oops mode: 32-bit
Narrow klass base: 0x0000000000000000, Narrow klass shift: 0

GC Heap History (0 events):
No events

Deoptimization events (0 events):
No events

Classes unloaded (0 events):
No events

Classes redefined (0 events):
No events

Internal exceptions (0 events):
No events

Events (2 events):
Event: 0.007 Loaded shared library C:\Users\DonHerrera\.p2\pool\plugins\org.eclipse.justj.openjdk.hotspot.jre.full.win32.x86_64_14.0.2.v20200815-0932\jre\bin\java.dll
Event: 0.007 Loaded shared library C:\Users\DonHerrera\.p2\pool\plugins\org.eclipse.justj.openjdk.hotspot.jre.full.win32.x86_64_14.0.2.v20200815-0932\jre\bin\zip.dll


Dynamic libraries:
0x00007ff608d80000 - 0x00007ff608d8d000 	C:\Users\DonHerrera\.p2\pool\plugins\org.eclipse.justj.openjdk.hotspot.jre.full.win32.x86_64_14.0.2.v20200815-0932\jre\bin\javaw.exe
0x00007ff94c550000 - 0x00007ff94c745000 	C:\WINDOWS\SYSTEM32\ntdll.dll
0x00007ff94aea0000 - 0x00007ff94af5d000 	C:\WINDOWS\System32\KERNEL32.DLL
0x00007ff94a160000 - 0x00007ff94a427000 	C:\WINDOWS\System32\KERNELBASE.dll
0x00007ff94a430000 - 0x00007ff94a530000 	C:\WINDOWS\System32\ucrtbase.dll
0x00007ff927a10000 - 0x00007ff927a28000 	C:\Users\DonHerrera\.p2\pool\plugins\org.eclipse.justj.openjdk.hotspot.jre.full.win32.x86_64_14.0.2.v20200815-0932\jre\bin\jli.dll
0x00007ff9298d0000 - 0x00007ff9298e5000 	C:\Users\DonHerrera\.p2\pool\plugins\org.eclipse.justj.openjdk.hotspot.jre.full.win32.x86_64_14.0.2.v20200815-0932\jre\bin\VCRUNTIME140.dll
0x00007ff94c370000 - 0x00007ff94c510000 	C:\WINDOWS\System32\USER32.dll
0x00007ff92c300000 - 0x00007ff92c59b000 	C:\WINDOWS\WinSxS\amd64_microsoft.windows.common-controls_6595b64144ccf1df_6.0.19041.488_none_ca04af081b815d21\COMCTL32.dll
0x00007ff949ed0000 - 0x00007ff949ef2000 	C:\WINDOWS\System32\win32u.dll
0x00007ff94abe0000 - 0x00007ff94ac0a000 	C:\WINDOWS\System32\GDI32.dll
0x00007ff94aa60000 - 0x00007ff94aafe000 	C:\WINDOWS\System32\msvcrt.dll
0x00007ff949f00000 - 0x00007ff94a009000 	C:\WINDOWS\System32\gdi32full.dll
0x00007ff94a0c0000 - 0x00007ff94a15d000 	C:\WINDOWS\System32\msvcp_win.dll
0x00007ff94a660000 - 0x00007ff94a690000 	C:\WINDOWS\System32\IMM32.DLL
0x00007ff920c20000 - 0x00007ff920cbb000 	C:\Users\DonHerrera\.p2\pool\plugins\org.eclipse.justj.openjdk.hotspot.jre.full.win32.x86_64_14.0.2.v20200815-0932\jre\bin\msvcp140.dll
0x00007ff90d530000 - 0x00007ff90e04e000 	C:\Users\DonHerrera\.p2\pool\plugins\org.eclipse.justj.openjdk.hotspot.jre.full.win32.x86_64_14.0.2.v20200815-0932\jre\bin\server\jvm.dll
0x00007ff94a750000 - 0x00007ff94a7fa000 	C:\WINDOWS\System32\ADVAPI32.dll
0x00007ff94ae00000 - 0x00007ff94ae9b000 	C:\WINDOWS\System32\sechost.dll
0x00007ff94a930000 - 0x00007ff94aa54000 	C:\WINDOWS\System32\RPCRT4.dll
0x00007ff94b780000 - 0x00007ff94b788000 	C:\WINDOWS\System32\PSAPI.DLL
0x00007ff943090000 - 0x00007ff943099000 	C:\WINDOWS\SYSTEM32\WSOCK32.dll
0x00007ff939c30000 - 0x00007ff939c57000 	C:\WINDOWS\SYSTEM32\WINMM.dll
0x00007ff94ab00000 - 0x00007ff94ab6b000 	C:\WINDOWS\System32\WS2_32.dll
0x00007ff93e270000 - 0x00007ff93e27a000 	C:\WINDOWS\SYSTEM32\VERSION.dll
0x00007ff9488c0000 - 0x00007ff9488d3000 	C:\WINDOWS\SYSTEM32\kernel.appcore.dll
0x00007ff941d60000 - 0x00007ff941d6a000 	C:\Users\DonHerrera\.p2\pool\plugins\org.eclipse.justj.openjdk.hotspot.jre.full.win32.x86_64_14.0.2.v20200815-0932\jre\bin\jimage.dll
0x00007ff9481d0000 - 0x00007ff9483b4000 	C:\WINDOWS\SYSTEM32\DBGHELP.DLL
0x00007ff9399f0000 - 0x00007ff939a1c000 	C:\WINDOWS\SYSTEM32\dbgcore.DLL
0x00007ff94a530000 - 0x00007ff94a5af000 	C:\WINDOWS\System32\bcryptPrimitives.dll
0x00007ff938ae0000 - 0x00007ff938b05000 	C:\Users\DonHerrera\.p2\pool\plugins\org.eclipse.justj.openjdk.hotspot.jre.full.win32.x86_64_14.0.2.v20200815-0932\jre\bin\java.dll
0x00007ff938ac0000 - 0x00007ff938ad6000 	C:\Users\DonHerrera\.p2\pool\plugins\org.eclipse.justj.openjdk.hotspot.jre.full.win32.x86_64_14.0.2.v20200815-0932\jre\bin\zip.dll

dbghelp: loaded successfully - version: 4.0.5 - missing functions: none
symbol engine: initialized successfully - sym options: 0x614 - pdb path: .;C:\Users\DonHerrera\.p2\pool\plugins\org.eclipse.justj.openjdk.hotspot.jre.full.win32.x86_64_14.0.2.v20200815-0932\jre\bin;C:\WINDOWS\SYSTEM32;C:\WINDOWS\WinSxS\amd64_microsoft.windows.common-controls_6595b64144ccf1df_6.0.19041.488_none_ca04af081b815d21;C:\Users\DonHerrera\.p2\pool\plugins\org.eclipse.justj.openjdk.hotspot.jre.full.win32.x86_64_14.0.2.v20200815-0932\jre\bin\server

VM Arguments:
jvm_args: -Dfile.encoding=UTF-8 -XX:+ShowCodeDetailsInExceptionMessages 
java_command: poo.project.View.PantallaGaleria
java_class_path (initial): C:\Users\DonHerrera\Documents\GitHub\Proyecto-POO\ProyectoGaleria\target\classes
Launcher Type: SUN_STANDARD

[Global flags]
     intx CICompilerCount                          = 4                                         {product} {ergonomic}
     uint ConcGCThreads                            = 2                                         {product} {ergonomic}
     uint G1ConcRefinementThreads                  = 8                                         {product} {ergonomic}
   size_t G1HeapRegionSize                         = 1048576                                   {product} {ergonomic}
    uintx GCDrainStackTargetSize                   = 64                                        {product} {ergonomic}
   size_t InitialHeapSize                          = 67108864                                  {product} {ergonomic}
   size_t MarkStackSize                            = 4194304                                   {product} {ergonomic}
   size_t MaxHeapSize                              = 1044381696                                {product} {ergonomic}
   size_t MinHeapDeltaBytes                        = 1048576                                   {product} {ergonomic}
   size_t MinHeapSize                              = 8388608                                   {product} {ergonomic}
    uintx NonNMethodCodeHeapSize                   = 5839372                                {pd product} {ergonomic}
    uintx NonProfiledCodeHeapSize                  = 122909434                              {pd product} {ergonomic}
    uintx ProfiledCodeHeapSize                     = 122909434                              {pd product} {ergonomic}
    uintx ReservedCodeCacheSize                    = 251658240                              {pd product} {ergonomic}
     bool SegmentedCodeCache                       = true                                      {product} {ergonomic}
     bool ShowCodeDetailsInExceptionMessages       = true                                   {manageable} {command line}
   size_t SoftMaxHeapSize                          = 1044381696                             {manageable} {ergonomic}
     bool UseCompressedClassPointers               = true                                 {lp64_product} {ergonomic}
     bool UseCompressedOops                        = true                                 {lp64_product} {ergonomic}
     bool UseG1GC                                  = true                                      {product} {ergonomic}
     bool UseLargePagesIndividualAllocation        = false                                  {pd product} {ergonomic}

Logging:
Log output configuration:
 #0: stdout all=warning uptime,level,tags
 #1: stderr all=off uptime,level,tags

Environment Variables:
PATH=C:/Users/DonHerrera/.p2/pool/plugins/org.eclipse.justj.openjdk.hotspot.jre.full.win32.x86_64_14.0.2.v20200815-0932/jre/bin/server;C:/Users/DonHerrera/.p2/pool/plugins/org.eclipse.justj.openjdk.hotspot.jre.full.win32.x86_64_14.0.2.v20200815-0932/jre/bin;C:\Program Files\Common Files\Oracle\Java\javapath;C:\WINDOWS\system32;C:\WINDOWS;C:\WINDOWS\System32\Wbem;C:\WINDOWS\System32\WindowsPowerShell\v1.0\;C:\WINDOWS\System32\OpenSSH\;C:\Program Files\Intel\WiFi\bin\;C:\Program Files\Common Files\Intel\WirelessCommon\;C:\Users\DonHerrera\AppData\Local\Microsoft\WindowsApps;C:\Users\DonHerrera\AppData\Local\Programs\Microsoft VS Code\bin;C:\MinGW\bin;C:\Users\DonHerrera\AppData\Local\GitHubDesktop\bin;C:\WINDOWS\System32;
USERNAME=DonHerrera
OS=Windows_NT
PROCESSOR_IDENTIFIER=Intel64 Family 6 Model 142 Stepping 10, GenuineIntel



---------------  S Y S T E M  ---------------

OS: Windows 10 , 64 bit Build 19041 (10.0.19041.292)
OS uptime: 2 days 6:24 hours

CPU:total 8 (initial active 8) (4 cores per cpu, 2 threads per core) family 6 model 142 stepping 10, cmov, cx8, fxsr, mmx, sse, sse2, sse3, ssse3, sse4.1, sse4.2, popcnt, avx, avx2, aes, clmul, erms, 3dnowpref, lzcnt, ht, tsc, tscinvbit, bmi1, bmi2, adx, fma

Memory: 4k page, system-wide physical 3979M (381M free)
TotalPageFile size 16267M (AvailPageFile size 23M)
current process WorkingSet (physical memory assigned to process): 10M, peak: 10M
current process commit charge ("private bytes"): 59M, peak: 123M

vm_info: OpenJDK 64-Bit Server VM (14.0.2+12-46) for windows-amd64 JRE (14.0.2+12-46), built on Jul  9 2020 00:31:16 by "mach5one" with MS VC++ 15.9 (VS2017)

END.
